time	U132	U370	YbdK_BSU02010	RsbU_BSU04700	dATP	dCTP	dGTP	dTTP	ATP	CTP	GTP	UTP	chromosome
0	0	0	0	0	10000000	10000000	10000000	10000000	100000000	100000000	100000000	100000000	1
1	0	0	0	0	9999172	9999500	9999482	9999201	99998413	99999006	99999237	99998074	1
2	0	0	0	0	9998226	9998881	9998866	9998242	99991773	99994124	99996117	99989662	1
3	0	0	0	0	9997183	9998210	9998193	9997241	99981139	99985584	99990220	99976592	1
4	0	0	0	0	9996186	9997494	9997486	9996162	99968234	99975089	99981973	99961487	1
5	0	0	0	0	9995268	9996776	9996743	9995285	99954270	99963318	99972409	99945465	1
6	0	0	0	0	9994583	9996221	9996177	9994625	99940207	99950961	99962204	99928891	1
7	0	0	0	0	9993507	9995378	9995325	9993606	99925825	99938469	99951095	99912495	1
8	0	0	0	0	9992573	9994623	9994578	9992633	99911070	99925640	99938864	99896033	1
9	0	0	0	0	9991564	9993874	9993864	9991598	99895958	99912991	99925220	99879801	1
10	0	0	0	0	9990557	9993139	9993142	9990564	99880286	99900403	99910112	99863489	1
11	0	0	0	0	9989649	9992491	9992470	9989642	99863774	99887895	99892521	99847349	1
12	0	0	0	0	9988791	9991862	9991824	9988840	99846312	99875534	99872257	99831383	1
13	0	0	0	0	9987929	9991040	9991033	9987912	99828112	99863171	99848608	99815487	1
14	0	0	0	0	9986949	9990250	9990189	9986918	99808445	99850832	99821132	99799688	1
15	0	0	0	0	9986060	9989476	9989431	9986079	99787245	99838523	99788363	99783718	1
16	0	0	0	0	9985267	9988729	9988652	9985332	99765084	99826074	99752481	99767595	1
17	0	0	0	0	9984379	9987808	9987754	9984379	99741712	99813650	99713278	99751865	1
18	0	0	0	0	9983620	9987116	9987043	9983640	99718083	99801310	99673101	99736165	1
19	0	0	0	0	9982583	9986347	9986295	9982573	99693875	99789078	99631397	99720282	1
20	0	0	0	0	9981659	9985735	9985697	9981710	99669752	99776978	99589599	99704516	1
21	0	0	0	0	9980596	9984895	9984849	9980599	99645553	99764690	99547490	99688838	1
22	0	0	0	0	9979613	9984204	9984204	9979661	99620626	99752387	99504225	99673037	1
23	0	0	0	0	9978649	9983548	9983500	9978662	99595568	99740409	99460511	99657281	1
24	0	0	0	0	9977815	9982868	9982810	9977817	99569758	99728368	99414561	99641762	1
25	0	0	0	0	9976775	9981982	9981970	9976770	99543133	99716182	99366393	99626161	1
26	0	0	0	0	9975745	9981244	9981212	9975753	99516006	99703887	99316794	99610613	1
27	0	0	0	0	9974815	9980522	9980509	9974799	99487864	99691842	99264111	99594988	1
28	0	0	0	0	9974037	9979892	9979908	9973984	99459813	99679751	99210596	99579163	1
29	0	0	0	0	9972977	9979084	9979105	9972978	99430997	99667727	99155475	99563551	1
30	0	0	0	0	9972115	9978381	9978412	9972106	99401840	99655726	99099218	99547857	1
31	0	0	0	0	9971048	9977735	9977748	9971022	99372932	99643609	99043671	99532019	1
32	0	0	0	0	9970235	9977283	9977204	9970237	99343251	99631278	98985885	99516297	1
33	0	0	0	0	9969310	9976556	9976528	9969264	99313112	99618936	98926355	99500578	1
34	0	0	0	0	9968046	9975724	9975706	9968065	99282854	99606626	98866388	99484647	1
35	0	0	0	0	9967007	9975148	9975115	9967093	99252548	99594489	98806718	99468866	1
36	0	0	0	0	9966036	9974485	9974458	9966032	99222133	99582016	98745597	99452887	1
37	0	0	0	0	9964940	9973789	9973769	9964967	99191451	99569524	98684177	99437078	1
38	0	0	0	0	9964275	9973198	9973142	9964258	99160680	99557260	98622514	99421117	1
39	0	0	0	0	9963260	9972311	9972252	9963272	99129524	99544910	98559695	99405074	1
40	0	0	0	0	9962389	9971559	9971515	9962427	99097809	99532495	98495143	99389250	1
41	0	0	0	0	9961417	9970626	9970610	9961443	99066040	99520083	98430716	99373321	1
42	0	0	0	0	9960623	9969775	9969753	9960613	99033812	99507901	98365043	99357228	1
43	0	0	0	0	9959692	9968975	9968972	9959668	99001128	99495433	98297701	99341280	1
44	0	0	0	0	9958662	9968269	9968257	9958684	98967933	99483130	98229191	99325656	1
45	0	0	0	0	9957792	9967644	9967607	9957842	98934519	99470841	98159990	99309759	1
46	0	0	0	0	9956902	9966982	9966942	9956888	98900609	99458469	98089469	99293957	1
47	0	0	2	0	9955818	9966214	9966210	9955838	98866698	99446194	98018997	99278243	1
48	0	0	2	0	9954732	9965615	9965604	9954745	98832964	99433864	97949020	99262422	1
49	0	0	2	0	9953665	9965124	9965108	9953711	98799577	99421614	97879708	99246874	1
50	0	0	2	0	9952619	9964558	9964560	9952681	98765642	99409254	97809391	99231119	1
51	0	0	2	0	9951585	9963968	9963943	9951582	98731489	99396686	97737426	99215481	1
52	0	0	3	0	9950514	9963352	9963309	9950552	98697684	99384439	97666475	99199768	1
53	0	0	3	0	9949484	9962650	9962607	9949586	98663633	99372237	97594970	99184026	1
54	0	0	3	0	9948522	9961866	9961840	9948549	98629952	99359888	97523959	99168303	1
55	0	0	3	0	9947437	9961157	9961157	9947441	98595909	99347616	97452587	99152774	1
56	0	0	3	0	9946516	9960474	9960450	9946544	98562029	99335235	97381651	99137114	1
57	0	0	3	0	9945640	9959844	9959811	9945678	98527897	99322812	97310033	99121023	1
58	0	0	3	0	9944740	9959173	9959114	9944751	98493902	99310444	97238400	99105033	1
59	0	0	3	0	9943677	9958454	9958427	9943682	98460381	99298052	97168008	99089464	1
60	0	0	3	0	9942725	9957769	9957759	9942705	98427236	99285688	97099200	99073520	1
61	0	0	3	0	9941618	9957043	9957020	9941638	98394616	99273176	97032301	99057769	1
62	0	0	3	0	9940778	9956343	9956314	9940821	98361601	99260907	96963913	99041825	1
63	0	0	3	0	9939893	9955621	9955605	9939924	98328361	99248773	96894799	99026380	1
64	0	0	3	0	9938887	9954874	9954848	9938880	98295190	99236715	96826008	99010896	1
65	0	0	3	0	9938009	9954026	9954011	9938015	98261565	99224489	96755871	98995221	1
66	0	0	3	0	9937088	9953275	9953262	9937095	98227178	99212055	96683422	98979652	1
67	0	0	3	0	9936232	9952556	9952549	9936282	98192426	99199679	96609532	98963740	1
68	0	0	3	0	9935185	9951780	9951799	9935189	98157279	99187400	96534904	98947894	1
69	0	0	3	0	9934214	9951081	9951055	9934241	98122360	99175161	96460510	98932286	1
70	0	0	3	0	9933360	9950345	9950328	9933372	98087591	99162821	96386779	98916286	1
71	0	0	4	0	9932450	9949696	9949654	9932520	98053279	99150577	96314217	98900684	1
72	0	0	4	0	9931707	9949059	9948995	9931747	98018669	99138264	96241024	98884856	1
73	0	0	4	0	9930715	9948237	9948228	9930743	97983676	99125811	96165832	98869142	1
74	0	0	4	0	9929734	9947504	9947459	9929789	97948424	99113546	96090675	98853669	1
75	0	0	4	0	9928713	9946718	9946672	9928748	97912274	99101139	96012405	98837975	1
76	0	0	4	0	9927879	9945972	9945952	9927888	97876338	99089042	95934881	98822453	1
77	0	0	4	0	9926959	9945283	9945244	9927014	97840056	99077099	95857033	98806770	1
78	0	0	4	0	9925951	9944487	9944476	9925965	97803219	99065033	95777993	98791029	1
79	0	0	5	0	9925013	9943823	9943796	9925048	97766470	99052598	95699161	98775311	1
80	0	0	5	0	9924079	9943069	9943021	9924115	97729923	99040368	95619926	98759500	1
81	0	0	5	0	9923278	9942361	9942320	9923301	97693571	99028117	95541751	98743887	1
82	0	0	5	0	9922289	9941562	9941519	9922338	97657046	99015742	95463003	98728325	1
83	0	0	5	0	9921491	9940953	9940916	9921467	97620554	99003205	95383608	98712414	1
84	0	0	5	0	9920634	9940325	9940293	9920660	97583571	98990986	95303120	98696503	1
85	0	0	5	0	9919589	9939542	9939495	9919621	97547274	98978906	95224039	98680868	1
86	0	0	6	0	9918656	9938703	9938692	9918625	97511605	98966780	95146077	98665305	1
87	0	0	6	0	9917704	9937951	9937918	9917705	97476185	98954639	95069612	98649459	1
88	0	0	6	0	9916848	9937254	9937215	9916893	97441014	98942341	94994330	98633822	1
89	0	0	6	0	9915871	9936376	9936349	9915898	97406273	98930229	94920413	98617910	1
90	0	0	6	0	9915010	9935707	9935709	9915078	97371534	98917809	94846608	98601974	1
91	0	0	6	0	9913992	9934919	9934923	9914049	97336612	98905595	94771986	98586466	1
92	0	0	6	0	9913065	9934203	9934203	9913143	97301455	98893339	94697413	98570921	1
93	0	0	6	0	9912109	9933403	9933390	9912130	97266293	98880952	94622297	98555185	1
94	0	1	6	0	9911322	9932709	9932679	9911318	97230590	98868695	94546665	98539173	1
95	0	1	6	0	9910448	9932014	9931957	9910499	97194734	98856181	94469473	98523666	1
96	0	1	7	0	9909444	9931091	9931100	9909494	97159363	98844158	94393529	98508219	1
97	0	1	7	0	9908583	9930432	9930400	9908653	97123449	98831892	94315687	98492671	1
98	0	1	7	0	9907539	9929752	9929699	9907606	97087306	98819645	94238017	98477129	1
99	0	1	7	0	9906409	9929109	9929077	9906466	97050865	98807121	94159257	98461442	1
100	0	1	8	0	9905391	9928552	9928529	9905432	97014333	98795097	94080010	98445738	1
101	0	1	8	0	9904332	9928015	9927990	9904410	96978039	98782982	94001287	98430091	1
102	0	1	8	0	9903225	9927416	9927383	9903256	96941657	98770885	93922835	98414436	1
103	0	1	8	0	9902241	9926777	9926763	9902257	96905186	98758690	93843817	98398935	1
104	0	1	8	0	9901343	9926071	9926034	9901387	96869122	98746649	93765780	98383520	1
105	0	1	9	0	9900453	9925285	9925280	9900425	96833393	98734623	93688819	98367865	1
106	0	1	9	0	9899396	9924632	9924591	9899446	96798122	98722710	93612928	98352382	1
107	0	1	9	0	9898298	9923928	9923929	9898351	96763107	98710539	93538027	98336786	1
108	0	1	9	0	9897189	9923347	9923334	9897209	96727862	98698353	93462907	98321138	1
109	0	1	9	0	9896150	9922776	9922756	9896206	96693332	98686194	93389637	98305617	1
110	0	1	9	0	9895429	9922228	9922151	9895380	96658730	98673831	93315750	98290003	1
111	0	1	9	0	9894443	9921338	9921340	9894394	96623757	98661794	93241212	98274505	1
112	0	1	9	0	9893628	9920681	9920621	9893640	96588453	98649695	93166123	98258773	1
113	0	1	9	0	9892701	9919759	9919729	9892714	96553238	98637651	93090479	98243134	1
114	0	1	10	0	9891923	9919010	9918969	9891929	96517691	98625577	93014146	98227760	1
115	0	1	10	0	9891102	9918109	9918110	9891082	96482148	98613675	92937675	98212189	1
116	0	1	10	0	9890299	9917389	9917348	9890264	96446585	98601560	92861166	98196371	1
117	0	1	10	0	9889310	9916592	9916537	9889319	96410693	98589633	92783875	98180845	1
118	0	1	10	0	9888568	9915803	9915783	9888559	96374578	98577554	92705758	98165163	1
119	0	1	10	1	9887616	9914936	9914933	9887638	96338759	98565465	92628043	98149605	1
120	0	1	10	1	9886824	9914164	9914161	9886866	96302490	98553549	92549429	98134313	1
121	0	1	10	1	9886068	9913361	9913370	9886098	96266019	98541644	92470080	98118843	1
122	0	1	10	1	9885384	9912564	9912545	9885319	96229831	98529528	92391786	98103450	1
123	0	1	10	1	9884309	9911828	9911840	9884320	96193393	98517404	92311989	98087968	1
124	0	1	10	1	9883404	9911271	9911176	9883435	96156787	98505449	92232374	98072614	1
125	0	1	10	1	9882633	9910575	9910488	9882707	96120316	98493184	92152629	98056893	1
126	0	1	10	1	9881669	9909835	9909774	9881740	96083481	98481192	92072942	98041521	1
127	0	1	10	1	9880651	9908914	9908884	9880675	96045826	98469138	91990476	98026153	1
128	0	1	10	1	9879593	9908197	9908175	9879640	96007983	98457201	91906317	98010826	1
129	0	1	10	1	9878789	9907435	9907414	9878777	95970294	98444994	91823128	97995416	1
130	0	1	10	1	9877891	9906682	9906651	9877942	95933247	98432814	91741765	97979968	1
131	0	1	10	1	9876858	9905914	9905888	9876860	95896216	98420663	91660706	97964598	1
132	0	1	12	1	9875886	9905236	9905206	9875875	95858675	98408539	91578669	97949188	1
133	0	1	12	1	9875025	9904549	9904531	9875033	95821876	98396465	91497863	97933983	1
134	0	1	12	1	9874128	9903910	9903853	9874164	95784876	98384438	91417366	97918460	1
135	0	1	12	1	9873216	9903202	9903161	9873217	95747993	98372373	91337540	97902924	1
136	0	1	12	1	9872198	9902370	9902355	9872218	95711741	98360393	91259236	97887272	1
137	0	1	12	1	9871303	9901702	9901688	9871329	95675632	98348456	91180706	97871926	1
138	0	1	12	1	9870337	9901051	9901031	9870353	95639288	98336086	91101915	97856662	1
139	0	1	12	1	9869430	9900381	9900382	9869421	95603266	98324075	91023000	97841390	1
140	0	1	12	1	9868460	9899633	9899625	9868458	95567122	98312090	90944453	97826094	1
141	0	1	12	1	9867443	9898897	9898911	9867430	95530375	98300046	90864298	97810775	1
142	0	1	12	1	9866403	9898314	9898281	9866426	95493477	98288209	90783579	97795198	1
143	0	1	12	1	9865432	9897687	9897657	9865465	95456591	98275986	90702755	97779338	1
144	0	1	12	1	9864490	9897003	9897009	9864526	95419376	98263865	90621980	97763886	1
145	0	1	12	1	9863587	9896422	9896397	9863599	95382855	98251870	90542687	97748362	1
146	0	1	12	1	9862568	9895593	9895596	9862567	95346314	98239681	90462846	97733008	1
147	0	1	12	1	9861711	9894938	9894933	9861723	95309449	98227599	90382185	97717717	1
148	0	1	12	1	9860655	9894179	9894154	9860642	95272255	98215566	90301138	97702203	1
149	0	1	12	1	9859794	9893424	9893444	9859779	95234739	98203697	90218558	97686617	1
150	0	1	12	1	9858936	9892791	9892759	9858955	95197310	98191564	90135567	97671492	1
151	0	1	12	1	9858176	9892169	9892126	9858215	95160412	98179700	90053817	97656459	1
152	0	1	12	1	9857081	9891284	9891231	9857150	95122716	98167683	89971261	97641242	1
153	0	1	12	1	9856333	9890599	9890601	9856358	95085307	98155636	89889121	97625985	1
154	0	1	12	1	9855415	9889806	9889825	9855502	95048030	98143693	89806914	97610653	1
155	0	1	12	1	9854403	9889023	9889003	9854380	95010734	98131789	89724742	97595432	1
156	0	1	12	1	9853430	9888272	9888262	9853415	94973723	98120000	89643122	97580266	1
157	0	1	12	1	9852451	9887591	9887592	9852476	94936583	98108207	89561347	97565070	1
158	0	1	12	1	9851363	9886864	9886864	9851367	94898741	98096147	89477559	97549864	1
159	0	1	12	1	9850620	9886304	9886288	9850625	94860876	98084334	89394237	97534689	1
160	0	1	12	1	9849745	9885600	9885568	9849796	94823135	98072315	89310168	97519312	1
161	0	1	12	1	9848698	9884739	9884731	9848741	94785233	98060529	89226461	97503976	1
162	0	1	12	1	9847840	9884005	9884000	9847834	94747644	98048642	89143010	97488750	1
163	0	1	12	1	9846831	9883209	9883206	9846826	94710237	98036688	89060744	97473318	1
164	0	1	12	1	9845884	9882460	9882441	9845912	94673091	98024686	88978643	97458026	1
165	0	1	12	1	9844921	9881674	9881672	9844932	94635726	98012643	88896339	97442789	1
166	0	1	12	1	9844057	9880987	9880965	9844064	94598469	98000735	88814401	97427685	1
167	0	1	12	1	9843174	9880206	9880194	9843142	94561541	97988887	88732658	97412472	1
168	0	1	12	1	9842355	9879544	9879519	9842396	94523724	97977048	88649313	97397286	1
169	0	1	12	1	9841385	9878781	9878760	9841420	94486675	97965135	88567739	97382009	1
170	0	1	12	1	9840429	9878091	9878054	9840479	94449860	97953231	88486967	97366698	1
171	0	1	12	1	9839453	9877352	9877342	9839475	94413197	97941244	88406713	97351650	1
172	0	1	12	1	9838652	9876644	9876603	9838678	94376933	97929521	88327180	97336305	1
173	0	1	12	1	9837738	9875897	9875838	9837751	94340366	97917631	88247721	97321024	1
174	0	1	12	1	9836826	9875135	9875095	9836822	94303371	97905697	88166620	97305729	1
175	0	1	12	1	9835958	9874407	9874409	9835968	94266480	97893600	88085266	97290496	1
176	1	1	12	1	9834941	9873610	9873608	9834884	94229940	97881520	88004930	97274894	1
177	1	1	12	1	9834036	9872954	9872935	9834057	94193015	97869503	87923708	97259527	1
178	1	1	12	1	9833104	9872197	9872182	9833095	94155993	97857545	87842918	97244193	1
179	1	1	12	1	9832161	9871533	9871530	9832119	94118704	97845633	87760395	97229017	1
180	1	1	12	1	9831162	9870815	9870790	9831143	94081030	97833545	87676837	97213930	1
181	1	1	12	1	9830310	9870192	9870138	9830339	94043145	97821564	87593047	97198895	1
182	1	1	12	1	9829396	9869452	9869417	9829385	94005261	97809506	87509145	97183932	1
183	1	1	12	1	9828526	9868770	9868726	9828561	93967708	97797497	87425565	97168656	1
184	1	1	12	1	9827675	9868070	9868037	9827678	93929671	97785692	87341427	97153324	1
185	1	1	12	1	9826701	9867375	9867330	9826706	93891616	97773706	87257697	97137970	1
186	1	1	12	1	9825739	9866642	9866586	9825776	93854117	97761790	87174737	97122608	1
187	1	1	12	1	9824826	9865836	9865829	9824857	93817389	97749900	87093586	97107355	1
188	1	1	12	1	9823910	9865179	9865143	9823969	93780399	97738038	87012410	97092215	1
189	1	1	12	1	9823156	9864631	9864612	9823185	93742895	97726204	86929564	97077083	1
190	1	1	12	1	9822067	9863760	9863745	9822101	93705715	97714174	86847797	97061895	1
191	1	1	12	1	9821119	9862984	9862953	9821163	93668382	97702155	86765471	97046538	1
192	1	1	13	1	9820322	9862219	9862212	9820316	93631478	97690267	86684725	97031352	1
193	1	1	13	1	9819391	9861457	9861454	9819360	93594428	97678301	86603434	97016244	1
194	1	1	13	1	9818531	9860772	9860754	9818500	93557485	97666342	86522422	97001387	1
195	1	1	13	1	9817695	9860137	9860082	9817717	93521017	97654520	86442438	96985988	1
196	1	1	13	1	9816921	9859269	9859228	9816914	93484690	97642660	86362250	96971015	1
197	1	1	13	1	9816010	9858397	9858364	9816040	93448477	97630840	86283296	96955844	1
198	1	1	13	1	9815216	9857666	9857616	9815258	93412736	97618911	86205423	96940635	1
199	1	1	14	1	9814364	9856824	9856775	9814365	93376521	97607001	86126800	96925604	1
200	1	1	14	1	9813509	9855971	9855933	9813525	93339741	97595237	86045967	96910459	1
201	1	1	14	1	9812753	9855222	9855203	9812763	93303127	97583419	85965503	96895105	1
202	1	1	14	1	9811853	9854417	9854372	9811883	93266509	97571763	85884771	96879911	1
203	1	1	14	1	9810986	9853511	9853517	9811034	93230078	97559932	85804405	96864602	1
204	1	2	14	1	9810148	9852751	9852704	9810155	93193803	97548191	85724618	96849475	1
205	1	2	14	1	9809334	9851905	9851893	9809336	93157293	97536468	85643925	96834258	1
206	1	2	14	1	9808522	9851031	9851024	9808523	93120488	97524541	85562838	96818872	1
207	1	2	14	1	9807765	9850147	9850117	9807759	93083328	97512891	85480725	96803663	1
208	1	2	14	1	9807037	9849438	9849442	9807006	93046357	97500979	85398773	96788219	1
209	1	2	14	1	9806124	9848460	9848446	9806114	93008970	97489117	85316284	96772997	1
210	1	2	14	1	9805480	9847877	9847836	9805557	92971694	97477419	85233181	96757969	1
211	1	2	15	1	9804466	9846875	9846857	9804513	92934594	97465615	85150933	96742936	1
212	1	2	15	1	9803593	9845995	9845996	9803629	92897555	97454070	85068653	96727564	1
213	1	2	15	1	9802793	9845124	9845109	9802866	92860713	97442336	84987811	96712393	1
214	1	2	15	1	9801941	9844481	9844480	9801961	92824120	97430619	84907182	96697217	1
215	1	2	15	1	9801029	9843828	9843819	9801032	92787155	97418843	84825202	96681959	1
216	1	2	15	2	9799919	9843120	9843074	9799934	92749294	97407059	84741611	96666614	1
217	1	2	15	3	9798947	9842515	9842497	9798921	92711599	97395338	84657623	96651314	1
218	1	2	15	3	9798216	9842016	9841964	9798207	92673894	97383418	84573581	96636082	1
219	1	2	15	3	9797144	9841056	9841040	9797161	92636584	97371520	84490506	96620770	1
220	1	2	15	3	9796276	9840244	9840235	9796291	92599430	97359623	84407604	96605376	1
221	1	2	15	4	9795437	9839570	9839543	9795449	92562074	97347796	84324595	96590266	1
222	1	2	15	4	9794390	9838744	9838734	9794385	92524775	97335945	84242347	96575395	1
223	1	2	15	4	9793591	9838114	9838106	9793528	92487140	97324239	84159424	96560383	1
224	1	2	15	4	9792504	9837374	9837364	9792507	92449359	97312574	84075155	96545169	1
225	1	2	15	4	9791591	9836803	9836802	9791568	92411664	97300852	83991703	96529893	1
226	1	2	15	4	9790691	9836115	9836106	9790717	92374170	97289210	83908638	96514819	1
227	1	2	15	4	9789800	9835377	9835373	9789773	92336750	97277486	83825529	96499566	1
228	1	2	15	4	9788861	9834617	9834604	9788869	92299198	97265680	83742426	96484380	1
229	1	2	15	4	9788194	9834112	9834118	9788209	92261858	97254095	83659761	96469403	1
230	1	2	15	4	9787089	9833237	9833221	9787107	92224163	97242543	83576246	96454370	1
231	1	2	15	4	9786110	9832439	9832433	9786177	92186675	97230855	83493614	96439314	1
232	1	2	15	4	9785230	9831704	9831648	9785229	92149063	97219194	83409648	96424080	1
233	1	2	15	4	9784358	9831115	9831056	9784298	92111468	97207574	83326396	96409205	1
234	1	2	15	4	9783414	9830416	9830390	9783358	92074356	97196111	83244349	96394253	1
235	1	2	15	4	9782337	9829691	9829682	9782303	92037487	97184468	83163160	96379436	1
236	1	2	15	4	9781341	9828897	9828890	9781324	92000675	97172547	83082056	96364319	1
237	1	2	15	4	9780495	9828372	9828303	9780517	91963529	97160882	82999665	96349314	1
238	1	2	15	4	9779474	9827576	9827561	9779470	91926670	97148929	82917943	96334307	1
239	1	2	15	4	9778592	9826826	9826769	9778620	91890028	97137193	82836014	96319310	1
240	1	2	15	4	9777615	9826004	9825975	9777652	91852863	97125479	82753003	96304468	1
241	1	2	15	4	9776724	9825246	9825223	9776757	91815371	97113650	82669069	96289482	1
242	1	2	15	4	9775843	9824499	9824467	9775901	91777874	97102097	82585413	96274385	1
243	1	2	15	4	9775109	9823902	9823871	9775174	91740459	97090484	82501783	96259597	1
244	1	2	15	4	9774057	9823047	9823034	9774118	91703359	97078740	82419687	96244731	1
245	1	2	15	4	9773136	9822253	9822234	9773143	91666548	97067346	82337924	96230013	1
246	1	2	15	4	9772234	9821701	9821685	9772242	91629832	97055791	82256836	96215355	1
247	1	2	15	4	9771099	9820964	9820945	9771137	91592633	97044217	82175080	96200493	1
248	1	2	15	4	9770174	9820200	9820198	9770211	91555387	97032375	82092236	96185634	1
249	1	2	15	4	9769333	9819685	9819633	9769381	91517867	97020719	82008658	96170554	1
250	1	2	15	4	9768384	9818915	9818909	9768385	91480873	97009125	81926457	96156019	1
251	1	2	15	4	9767473	9818144	9818140	9767458	91443632	96997483	81843219	96141168	1
252	1	2	15	4	9766535	9817478	9817482	9766600	91405850	96985792	81758843	96126424	1
253	1	2	15	4	9765593	9816752	9816746	9765637	91368514	96974234	81675763	96111603	1
254	1	2	15	4	9764587	9815996	9815984	9764600	91331631	96962532	81594040	96096667	1
255	1	2	16	4	9763601	9815432	9815388	9763610	91295162	96950769	81513444	96081502	1
256	1	2	17	4	9762636	9814796	9814746	9762595	91258625	96939002	81432402	96066675	1
257	1	2	17	4	9761607	9814040	9814030	9761565	91221590	96927284	81351142	96051791	1
258	1	2	17	4	9760778	9813262	9813221	9760748	91184451	96915643	81268995	96036940	1
259	1	2	17	4	9759886	9812512	9812462	9759913	91147174	96903918	81186724	96021863	1
260	1	2	17	4	9758980	9811805	9811788	9758964	91110362	96892292	81105399	96007145	1
261	1	2	17	4	9758069	9811100	9811049	9758062	91073115	96880536	81023012	95992267	1
262	1	2	17	4	9757085	9810367	9810362	9757072	91035818	96869018	80940878	95977631	1
263	1	2	17	4	9756075	9809593	9809593	9756060	90998584	96857495	80857918	95962826	1
264	1	2	17	4	9755221	9808976	9809001	9755204	90961556	96846063	80775828	95947911	1
265	1	2	17	4	9754156	9808333	9808313	9754099	90924032	96834451	80692704	95933030	1
266	1	2	17	4	9753219	9807726	9807700	9753195	90887155	96822948	80610873	95918182	1
267	1	2	17	4	9752440	9807118	9807089	9752379	90850397	96811497	80529258	95903420	1
268	1	2	17	4	9751413	9806292	9806272	9751409	90813749	96800076	80447742	95888479	1
269	1	2	17	4	9750489	9805577	9805536	9750502	90776425	96788743	80364714	95873741	1
270	1	2	17	4	9749551	9804881	9804862	9749549	90739138	96777226	80281491	95858782	1
271	1	2	17	4	9748630	9804137	9804149	9748597	90701934	96765706	80199331	95843938	1
272	1	2	17	4	9747706	9803480	9803471	9747674	90664873	96754113	80116276	95829168	1
273	1	2	17	4	9746774	9802766	9802741	9746790	90627393	96742560	80032626	95814291	1
274	1	2	17	4	9745701	9802037	9802034	9745696	90590337	96731130	79949551	95799622	1
275	1	2	17	4	9744684	9801424	9801392	9744677	90553062	96719785	79866089	95785130	1
276	1	2	17	4	9743917	9800809	9800788	9743879	90515705	96708326	79782223	95770213	1
277	1	2	17	4	9742981	9800039	9800021	9742965	90478542	96696816	79698988	95755415	1
278	1	2	17	4	9742041	9799251	9799240	9741992	90441361	96685445	79615899	95740569	1
279	1	2	17	4	9741094	9798610	9798547	9741126	90404356	96674231	79533078	95725585	1
280	1	2	17	4	9740158	9797723	9797718	9740181	90367257	96662603	79449846	95710481	1
281	1	2	17	4	9739224	9797046	9797039	9739252	90329961	96651085	79366390	95695394	1
282	1	2	17	4	9738654	9796513	9796498	9738598	90292527	96639713	79282575	95680520	1
283	1	2	17	4	9737647	9795641	9795592	9737593	90255313	96628239	79199505	95665750	1
284	1	2	17	4	9736848	9794994	9794994	9736851	90218384	96616695	79117091	95650887	1
285	1	2	17	4	9735771	9794041	9794034	9735816	90181421	96605107	79035111	95636108	1
286	1	2	17	4	9734826	9793343	9793342	9734755	90144190	96593632	78952167	95621268	1
287	1	2	17	4	9733814	9792718	9792669	9733851	90107132	96582134	78870088	95606446	1
288	1	2	17	5	9732930	9791851	9791819	9732893	90070744	96570636	78789472	95591633	1
289	1	2	17	5	9732256	9791223	9791156	9732166	90034075	96559149	78707966	95576940	1
290	1	2	18	5	9731121	9790412	9790420	9731075	89997473	96547753	78626620	95562322	1
291	1	2	18	5	9730173	9789770	9789757	9730154	89960540	96536286	78544051	95547692	1
292	1	2	18	5	9729244	9789011	9788996	9729204	89923797	96524788	78463111	95533003	1
293	1	2	18	5	9728372	9788226	9788231	9728359	89887691	96513418	78382937	95518270	1
294	1	2	18	5	9727558	9787472	9787464	9727546	89851440	96502152	78302569	95503709	1
295	1	2	18	5	9726666	9786700	9786699	9726658	89815403	96490785	78222543	95488718	1
296	1	2	18	5	9725706	9785951	9785953	9725707	89779077	96479524	78141877	95473926	1
297	2	2	18	5	9724850	9785257	9785215	9724893	89741874	96468113	78059543	95459153	1
298	2	2	18	5	9724020	9784574	9784569	9724067	89704479	96456782	77975951	95444441	1
299	2	2	18	5	9723144	9783783	9783745	9723177	89667661	96445670	77893233	95429791	1
300	2	2	18	5	9722494	9783183	9783146	9722522	89630639	96434196	77811359	95414924	1
301	2	2	18	5	9721400	9782266	9782226	9721445	89594384	96422954	77730531	95400128	1
302	2	2	18	5	9720521	9781485	9781482	9720466	89557743	96411552	77649012	95385427	1
303	2	2	18	5	9719627	9780758	9780723	9719640	89521083	96400088	77567563	95370773	1
304	2	2	18	5	9718650	9779947	9779916	9718678	89483802	96388705	77483809	95356132	1
305	2	2	18	5	9717846	9779238	9779216	9717889	89446402	96377319	77400208	95341544	1
306	2	2	18	5	9716867	9778512	9778489	9716887	89409493	96365885	77317666	95326790	1
307	2	2	18	5	9716060	9777960	9777894	9716075	89372745	96354457	77235689	95312128	1
308	2	2	18	5	9715141	9777142	9777131	9715158	89335771	96342915	77153102	95297340	1
309	2	2	18	5	9714239	9776294	9776311	9714240	89298653	96331261	77069968	95282364	1
310	2	2	18	5	9713386	9775570	9775552	9713417	89261763	96319824	76987758	95267936	1
311	2	2	18	5	9712581	9774787	9774780	9712599	89224796	96308410	76905271	95253062	1
312	2	2	18	5	9711665	9773929	9773938	9711655	89187760	96296980	76822624	95238456	1
313	2	2	18	5	9710741	9773214	9773200	9710716	89150873	96285538	76739904	95223961	1
314	2	2	18	5	9709784	9772465	9772459	9709783	89114190	96274458	76657816	95209274	1
315	2	2	18	5	9708941	9771807	9771797	9708909	89077435	96263196	76575798	95194619	1
316	2	2	18	5	9708026	9771074	9771056	9708038	89040800	96251813	76494376	95179822	1
317	2	2	18	5	9707249	9770439	9770422	9707266	89004078	96240455	76412640	95165475	1
318	2	2	18	5	9706560	9769737	9769773	9706566	88967659	96229229	76331240	95150933	1
319	2	2	18	5	9705793	9769008	9769051	9705779	88931355	96217870	76250591	95136542	1
320	2	2	18	5	9704607	9768133	9768130	9704616	88894960	96206476	76169658	95121944	1
321	2	2	18	5	9703808	9767444	9767466	9703831	88857916	96195040	76086293	95107154	1
322	2	2	18	5	9702808	9766588	9766584	9702799	88820916	96183740	76002591	95092385	1
323	2	2	18	5	9702029	9765930	9765908	9701927	88783991	96172324	75919475	95077684	1
324	2	2	18	5	9701070	9765158	9765128	9701045	88746381	96161122	75835225	95063044	1
325	2	2	18	5	9700052	9764282	9764291	9700032	88709218	96149850	75751852	95048373	1
326	2	2	18	5	9699353	9763726	9763678	9699388	88672021	96138515	75667906	95033487	1
327	2	2	18	5	9698433	9762938	9762889	9698471	88634711	96127136	75584166	95018866	1
328	2	2	18	6	9697483	9762142	9762099	9697541	88597750	96115954	75501166	95004419	1
329	2	2	18	6	9696538	9761290	9761287	9696494	88560589	96104553	75417314	94989637	1
330	2	2	18	6	9695736	9760625	9760614	9695715	88523501	96093104	75334196	94975235	1
331	2	2	18	7	9694782	9759708	9759697	9694785	88486487	96081722	75251103	94960655	1
332	2	2	18	7	9694049	9759048	9759020	9693966	88449906	96070462	75168612	94946134	1
333	2	2	18	8	9693245	9758308	9758297	9693098	88413290	96059307	75086635	94931691	1
334	2	2	18	8	9692272	9757425	9757430	9692241	88377467	96048270	75007178	94917116	1
335	2	2	18	9	9691438	9756673	9756652	9691428	88341594	96037105	74927787	94902707	1
336	2	2	18	9	9690660	9755914	9755861	9690680	88304814	96025972	74844902	94888347	1
337	2	2	18	9	9689751	9755179	9755127	9689789	88267530	96014801	74760851	94874070	1
338	2	2	18	9	9688929	9754433	9754390	9688859	88230522	96003530	74677148	94859519	1
339	2	2	18	9	9687999	9753648	9753616	9687995	88193522	95992527	74593514	94844951	1
340	2	2	18	9	9687032	9752873	9752866	9687055	88156444	95981453	74509768	94830274	1
341	2	2	18	9	9686237	9752203	9752198	9686254	88119456	95970552	74426221	94815910	1
342	2	2	18	9	9685368	9751437	9751450	9685398	88082545	95959422	74343133	94801381	1
343	2	2	18	9	9684425	9750712	9750725	9684453	88045689	95948120	74260869	94787052	1
344	2	2	18	9	9683651	9750071	9750034	9683682	88008737	95936795	74178459	94772872	1
345	2	2	18	9	9682669	9749176	9749144	9682677	87971969	95925630	74096059	94758666	1
346	2	2	18	9	9681889	9748508	9748498	9681915	87935516	95914449	74014693	94744399	1
347	2	2	18	9	9681044	9747715	9747690	9681053	87899519	95903318	73933848	94729996	1
348	2	2	19	9	9680100	9746890	9746864	9680119	87862756	95892166	73851373	94715640	1
349	2	2	19	9	9679247	9746115	9746090	9679227	87825783	95880892	73767539	94701067	1
350	2	2	19	9	9678440	9745385	9745353	9678429	87788810	95869604	73683865	94686781	1
351	2	2	19	9	9677503	9744608	9744596	9677562	87752016	95858405	73600628	94672498	1
352	2	2	19	9	9676604	9743765	9743774	9676662	87715381	95847123	73518662	94658091	1
353	2	2	19	9	9675786	9742994	9742994	9675838	87678527	95836039	73435926	94643565	1
354	2	2	19	9	9675013	9742346	9742362	9675066	87641746	95824946	73353909	94629212	1
355	2	2	19	9	9674128	9741722	9741723	9674246	87606126	95813918	73273667	94614636	1
356	2	2	19	9	9673092	9740958	9740958	9673082	87570292	95802816	73193703	94600461	1
357	2	2	19	9	9672206	9740311	9740260	9672255	87534463	95791490	73113233	94586142	1
358	2	2	19	9	9671216	9739485	9739445	9671263	87498539	95780420	73032463	94571784	1
359	2	2	19	9	9670393	9738712	9738705	9670398	87462588	95769307	72951911	94557616	1
360	2	2	19	9	9669428	9737860	9737875	9669422	87426348	95758124	72871164	94543216	1
361	2	2	19	9	9668408	9737229	9737211	9668433	87389635	95746965	72788765	94528583	1
362	2	2	19	9	9667633	9736645	9736625	9667688	87353032	95735831	72706707	94514012	1
363	2	2	19	9	9666818	9735929	9735939	9666773	87315896	95724825	72623073	94499560	1
364	2	2	19	9	9665754	9735119	9735112	9665765	87278669	95713752	72538843	94485321	1
365	2	2	20	9	9664873	9734440	9734430	9664819	87241420	95702486	72455108	94471013	1
366	2	2	20	9	9663919	9733817	9733792	9663904	87204800	95691512	72372710	94456880	1
367	2	2	20	9	9662963	9733183	9733118	9662976	87167825	95680415	72289590	94442546	1
368	2	2	20	9	9662021	9732475	9732465	9662021	87130748	95669388	72206143	94428132	1
369	2	2	20	9	9661164	9731833	9731799	9661213	87093647	95658323	72122329	94413656	1
370	2	2	20	9	9660283	9731019	9731013	9660257	87056857	95647262	72038800	94399417	1
371	2	2	20	9	9659313	9730275	9730276	9659304	87019766	95636382	71955071	94385381	1
372	2	2	21	9	9658360	9729456	9729449	9658346	86983177	95625360	71872115	94371054	1
373	2	2	21	9	9657739	9728845	9728849	9657675	86946125	95614206	71789333	94356745	1
374	2	2	21	9	9656901	9728211	9728204	9656890	86908957	95603062	71705775	94342583	1
375	2	2	21	9	9655808	9727336	9727305	9655849	86871783	95591978	71622062	94328459	1
376	2	2	21	9	9654900	9726636	9726619	9654931	86835261	95580861	71539864	94314400	1
377	2	2	21	9	9653821	9725847	9725813	9653838	86798971	95569655	71458344	94300048	1
378	2	2	21	9	9653090	9725226	9725193	9653067	86763002	95558661	71378184	94286226	1
379	2	2	21	9	9652211	9724457	9724402	9652218	86727309	95547528	71298931	94272091	1
380	2	2	21	9	9651372	9723609	9723592	9651354	86691916	95536489	71220211	94258044	1
381	2	2	21	9	9650426	9722947	9722918	9650483	86656248	95525351	71140445	94243768	1
382	2	2	21	9	9649629	9722258	9722238	9649665	86620031	95514305	71059678	94229537	1
383	2	2	21	9	9648754	9721496	9721446	9648677	86584092	95503039	70979219	94215359	1
384	2	2	21	9	9647863	9720822	9720808	9647839	86547472	95492070	70897204	94201347	1
385	2	2	21	9	9647049	9720119	9720069	9647018	86510888	95480948	70814270	94187177	1
386	2	2	21	9	9646175	9719444	9719368	9646210	86474620	95470007	70731636	94173087	1
387	2	2	21	9	9645204	9718519	9718504	9645270	86438016	95459031	70649306	94159009	1
388	2	2	21	9	9644342	9717713	9717687	9644316	86401670	95447824	70567642	94144763	1
389	2	2	21	9	9643646	9717046	9716998	9643584	86364957	95436645	70485124	94130518	1
390	2	2	21	9	9642605	9716149	9716113	9642666	86328070	95425587	70402111	94116355	1
391	2	2	21	9	9641754	9715433	9715430	9641751	86291591	95414539	70319505	94102439	1
392	2	2	21	9	9640953	9714822	9714800	9640939	86254903	95403465	70236512	94088332	1
393	2	2	21	9	9639979	9714119	9714066	9639973	86218584	95392521	70154545	94074500	1
394	2	2	21	9	9639046	9713292	9713270	9639075	86181941	95381636	70071520	94060637	1
395	2	2	21	9	9638263	9712577	9712545	9638272	86145129	95370871	69988345	94046473	1
396	2	2	21	9	9637451	9711774	9711772	9637439	86109166	95359900	69907244	94032584	1
397	2	2	21	9	9636540	9711025	9711013	9636545	86073191	95348986	69826416	94018664	1
398	2	2	21	9	9635675	9710225	9710207	9635673	86036909	95337791	69745211	94004594	1
399	2	2	21	9	9634802	9709459	9709433	9634789	86000805	95326708	69663907	93990671	1
400	2	2	21	9	9633846	9708707	9708698	9633877	85965207	95315645	69584005	93976567	1
401	2	2	21	9	9633010	9708016	9707981	9633042	85929408	95304750	69503768	93962642	1
402	2	2	21	9	9632309	9707530	9707482	9632445	85894016	95293638	69424908	93948693	1
403	2	2	21	9	9631285	9706543	9706507	9631351	85858702	95282584	69346523	93934845	1
404	2	2	21	9	9630380	9705682	9705664	9630376	85823783	95271521	69268955	93920539	1
405	2	2	21	9	9629550	9704992	9704975	9629528	85788659	95260581	69190813	93906492	1
406	2	2	21	9	9628673	9704254	9704232	9628682	85753473	95249705	69112955	93892698	1
407	2	2	21	9	9627863	9703528	9703522	9627917	85717993	95238902	69034001	93878486	1
408	2	2	21	9	9626960	9702772	9702740	9626984	85682236	95227982	68954141	93864378	1
409	2	2	21	9	9626143	9702009	9701983	9626144	85646343	95217029	68873349	93850575	1
410	2	2	21	9	9625264	9701263	9701253	9625282	85610221	95206060	68792369	93836402	1
411	2	2	21	9	9624365	9700548	9700555	9624397	85573516	95195169	68710034	93822256	1
412	2	2	21	9	9623542	9699795	9699791	9623514	85536984	95184362	68627653	93808255	1
413	2	2	21	9	9622782	9699198	9699132	9622803	85500048	95173275	68544905	93794231	1
414	2	2	21	9	9621893	9698461	9698376	9621943	85463532	95162501	68462293	93780276	1
415	2	2	21	9	9620785	9697616	9697599	9620809	85426787	95151573	68378595	93766353	1
416	2	2	21	9	9619891	9696949	9696928	9619902	85389474	95140461	68293763	93752704	1
417	2	2	21	9	9619095	9696243	9696216	9619126	85352150	95129633	68208776	93738988	1
418	2	2	21	9	9618208	9695501	9695467	9618268	85314975	95118832	68124721	93725179	1
419	2	2	21	9	9617305	9694702	9694683	9617359	85278447	95107846	68042219	93711247	1
420	2	2	21	9	9616322	9693850	9693842	9616293	85242359	95096936	67960745	93697320	1
421	2	2	21	9	9615490	9693236	9693209	9615534	85205725	95085979	67877758	93683452	1
422	2	2	21	9	9614668	9692537	9692492	9614697	85169225	95075049	67795422	93669355	1
423	2	2	21	9	9613818	9691794	9691741	9613818	85133233	95064349	67714707	93655468	1
424	2	2	21	9	9612971	9691041	9691029	9612971	85096910	95053401	67633291	93641319	1
425	2	3	21	9	9612116	9690363	9690319	9612087	85060764	95042289	67551733	93627341	1
426	2	3	21	9	9611112	9689653	9689635	9611165	85024378	95031334	67469740	93613475	1
427	2	3	21	9	9610220	9688982	9688981	9610309	84987858	95020560	67387122	93599434	1
428	2	3	21	9	9609366	9688341	9688327	9609464	84951783	95009792	67306264	93585605	1
429	2	3	21	9	9608392	9687499	9687505	9608464	84916303	94998890	67226844	93571873	1
430	2	3	21	9	9607674	9686828	9686828	9607641	84881384	94987939	67148376	93557937	1
431	2	3	22	9	9606960	9686272	9686234	9606941	84845999	94976990	67069370	93544258	1
432	2	3	22	10	9606041	9685546	9685458	9606089	84811319	94966084	66991863	93530446	1
433	2	3	22	10	9604988	9684521	9684518	9604971	84776805	94955353	66914838	93516751	1
434	2	3	22	10	9604196	9683851	9683846	9604192	84742477	94944324	66838559	93502846	1
435	2	3	22	10	9603255	9683002	9682999	9603211	84708075	94933398	66761830	93488732	1
436	2	3	22	10	9602437	9682170	9682152	9602375	84673247	94922336	66683476	93474834	1
437	2	3	22	10	9601636	9681418	9681388	9601618	84638043	94911461	66605312	93461097	1
438	2	3	22	10	9600659	9680619	9680621	9600679	84602802	94900612	66526869	93447288	1
439	2	3	22	10	9599915	9679878	9679868	9599898	84567411	94890028	66447852	93433572	1
440	2	3	22	10	9599175	9679211	9679200	9599148	84531793	94879305	66367140	93419790	1
441	2	3	22	10	9598338	9678432	9678434	9598264	84495853	94868539	66286194	93405907	1
442	2	3	22	10	9597489	9677671	9677672	9597450	84459843	94857779	66205426	93392241	1
443	2	3	22	10	9596655	9676954	9676958	9596612	84423679	94846943	66123648	93378452	1
444	2	3	22	10	9595807	9676177	9676155	9595763	84387001	94836119	66040185	93364894	1
445	2	3	22	10	9594975	9675364	9675357	9594946	84350046	94825376	65956195	93351278	1
446	2	3	22	10	9594067	9674607	9674589	9594080	84313547	94814564	65873261	93337555	1
447	2	3	22	10	9593301	9674041	9673990	9593388	84277577	94803708	65791202	93323701	1
448	2	3	22	11	9592340	9673208	9673172	9592385	84240804	94792765	65707381	93309807	1
449	2	3	22	11	9591345	9672356	9672362	9591337	84204661	94782049	65624792	93295993	1
450	2	3	22	11	9590427	9671731	9671760	9590383	84168093	94771305	65541737	93282102	1
451	2	3	23	11	9589421	9670991	9670977	9589425	84131355	94760614	65459061	93268508	1
452	2	3	23	11	9588485	9670346	9670333	9588500	84094817	94749870	65376347	93254573	1
453	2	3	23	11	9587512	9669606	9669605	9587522	84058745	94739083	65294956	93240850	1
454	2	3	23	12	9586703	9668949	9668951	9586724	84022935	94728526	65214176	93227419	1
455	2	3	23	12	9585847	9668231	9668239	9585850	83986959	94717841	65132720	93213890	1
456	2	3	23	12	9584954	9667552	9667511	9584930	83950725	94707028	65050798	93199970	1
457	2	3	23	12	9584092	9666814	9666816	9584066	83914368	94696416	64967813	93186266	1
458	2	3	23	12	9583274	9666183	9666173	9583262	83877713	94685786	64884547	93172617	1
459	2	3	23	12	9582351	9665394	9665414	9582351	83841179	94675109	64801605	93159124	1
460	2	3	23	12	9581411	9664703	9664697	9581425	83804804	94664492	64719680	93145587	1
461	2	3	23	12	9580471	9664007	9664007	9580475	83768238	94653885	64636167	93131788	1
462	2	3	23	12	9579655	9663374	9663337	9579631	83731669	94643304	64553182	93118195	1
463	2	3	23	12	9578618	9662636	9662618	9578647	83695616	94632695	64470965	93104515	1
464	2	3	23	12	9577783	9661831	9661801	9577794	83659432	94622110	64389185	93091037	1
465	2	3	23	12	9577009	9661065	9661051	9577026	83623210	94611273	64307139	93077311	1
466	2	3	23	12	9576222	9660354	9660333	9576183	83586627	94600641	64223908	93063608	1
467	2	3	23	12	9575297	9659510	9659498	9575305	83550041	94589766	64141334	93049906	1
468	2	3	23	12	9574495	9658839	9658799	9574521	83513700	94579254	64059280	93036435	1
469	2	3	23	12	9573627	9658014	9658010	9573642	83477892	94568643	63978718	93022912	1
470	2	3	23	12	9572748	9657299	9657282	9572766	83442310	94557923	63898133	93009297	1
471	2	3	23	12	9571916	9656372	9656369	9571918	83406123	94547325	63816540	92995601	1
472	2	3	23	12	9571192	9655538	9655525	9571224	83370460	94536583	63736389	92981986	1
473	2	3	23	12	9570442	9654768	9654720	9570474	83334781	94525685	63656171	92968037	1
474	2	3	23	12	9569559	9653945	9653940	9569568	83299357	94514933	63576556	92954425	1
475	2	3	23	12	9568715	9653165	9653162	9568751	83264330	94504387	63498235	92940679	1
476	2	3	23	12	9567910	9652397	9652374	9567964	83229653	94493907	63420128	92927037	1
477	2	3	23	12	9567155	9651628	9651621	9567182	83194840	94483153	63341774	92913324	1
478	2	3	23	12	9566236	9650707	9650705	9566223	83160084	94472520	63263925	92899779	1
479	2	3	23	12	9565358	9650055	9650033	9565381	83125338	94461886	63185564	92886424	1
480	2	3	23	12	9564545	9649282	9649265	9564545	83089922	94451142	63105618	92872847	1
481	2	3	23	12	9563704	9648546	9648533	9563703	83053800	94440525	63023582	92859141	1
482	2	3	23	12	9562833	9647685	9647669	9562853	83017917	94429919	62942374	92845698	1
483	2	3	23	12	9562068	9646979	9646965	9562110	82982105	94419142	62861183	92832110	1
484	2	3	23	12	9561176	9646141	9646141	9561157	82945772	94408474	62778724	92818789	1
485	2	3	23	12	9560370	9645325	9645313	9560383	82909514	94397932	62696380	92805740	1
486	2	3	23	12	9559582	9644538	9644549	9559613	82873070	94387415	62613487	92792303	1
487	2	3	23	12	9558793	9643874	9643847	9558830	82836628	94376795	62530059	92778684	1
488	2	3	23	12	9557840	9642997	9642977	9557882	82800244	94366311	62447014	92765048	1
489	2	3	23	12	9557049	9642262	9642218	9557065	82764307	94355385	62365230	92751497	1
490	2	3	23	12	9556170	9641367	9641362	9556166	82728109	94344583	62283609	92737946	1
491	2	3	23	12	9555462	9640765	9640741	9555518	82691968	94334057	62201916	92724368	1
492	2	3	23	12	9554551	9640052	9639993	9554593	82655610	94323459	62119223	92710696	1
493	2	3	24	12	9553609	9639164	9639146	9553619	82619526	94312793	62037067	92697153	1
494	2	3	24	12	9552869	9638429	9638428	9552804	82583660	94302171	61954552	92683729	1
495	2	3	24	12	9551888	9637693	9637683	9551853	82547709	94291517	61872691	92670317	1
496	2	3	24	12	9550889	9636961	9636952	9550907	82512219	94280908	61792481	92656983	1
497	2	3	24	12	9549974	9636187	9636194	9549988	82476634	94270419	61711339	92643460	1
498	2	3	24	12	9549224	9635522	9635502	9549235	82441845	94259580	61632341	92629892	1
499	2	3	24	12	9548445	9634804	9634760	9548477	82405982	94249013	61550667	92616596	1
500	2	3	24	12	9547621	9634038	9633972	9547719	82369987	94238295	61468323	92603237	1
501	2	3	24	12	9546725	9633193	9633190	9546733	82334123	94227642	61386375	92589603	1
502	2	3	24	12	9545782	9632388	9632379	9545806	82297962	94217127	61303939	92576050	1
503	2	3	24	12	9544906	9631661	9631641	9544861	82262424	94206487	61222721	92562646	1
504	2	3	24	12	9544004	9631024	9631001	9544025	82226865	94195885	61141886	92549447	1
505	2	3	24	12	9543055	9630320	9630285	9543063	82191477	94185259	61061758	92535755	1
506	2	3	24	12	9542152	9629556	9629560	9542148	82156071	94174744	60981299	92522208	1
507	2	3	24	12	9541397	9628925	9628927	9541372	82120726	94164115	60901751	92508805	1
508	3	3	24	12	9540502	9628162	9628147	9540478	82085882	94153468	60823566	92495267	1
509	3	3	24	12	9539751	9627501	9627499	9539722	82051234	94142928	60745503	92481898	1
510	3	3	24	12	9538711	9626629	9626619	9538739	82016630	94132245	60668328	92468754	1
511	3	3	24	12	9537918	9625962	9625949	9537927	81982028	94121580	60590524	92455476	1
512	3	3	24	12	9536974	9625261	9625239	9536970	81947204	94111085	60511973	92442346	1
513	3	3	24	12	9536063	9624615	9624580	9536146	81912359	94100594	60433622	92428870	1
514	3	3	24	12	9535239	9623929	9623976	9535304	81877258	94090079	60353782	92415646	1
515	3	3	24	12	9534321	9623218	9623208	9534367	81841650	94079611	60273147	92402411	1
516	3	3	24	13	9533521	9622473	9622428	9533465	81805907	94069505	60191799	92389279	1
517	3	3	24	13	9532649	9621666	9621659	9532674	81770128	94059180	60110102	92376118	1
518	3	3	24	13	9531839	9621031	9620969	9531887	81734137	94048670	60027510	92363018	1
519	3	3	24	13	9530964	9620294	9620275	9530961	81698175	94038077	59945247	92349691	1
520	3	3	24	13	9530088	9619526	9619519	9530082	81662419	94027532	59863993	92336503	1
521	3	3	24	13	9529304	9618901	9618874	9529334	81626189	94016949	59780732	92323162	1
522	3	3	24	13	9528274	9618100	9618115	9528244	81589798	94006491	59697354	92310102	1
523	3	3	24	13	9527262	9617457	9617452	9527277	81553603	93996080	59614385	92296500	1
524	3	3	24	13	9526544	9616904	9616866	9526558	81517255	93985752	59530745	92283009	1
525	3	3	24	13	9525511	9616112	9616085	9525567	81480575	93975283	59446920	92269827	1
526	3	3	24	13	9524557	9615354	9615354	9524614	81444168	93964713	59363871	92256487	1
527	3	3	25	13	9523630	9614583	9614583	9523652	81408186	93954240	59281214	92243100	1
528	3	3	25	13	9522760	9613834	9613837	9522765	81372206	93944011	59198764	92229965	1
529	3	3	25	13	9521937	9613107	9613099	9521926	81336524	93933536	59117653	92216780	1
530	3	3	25	13	9521014	9612370	9612359	9521009	81301423	93923087	59037385	92203620	1
531	3	3	25	13	9520362	9611804	9611780	9520315	81266485	93912633	58958326	92190347	1
532	3	3	25	13	9519338	9611074	9611036	9519312	81231501	93902264	58878834	92177163	1
533	3	3	25	13	9518275	9610340	9610307	9518317	81196164	93891690	58798665	92163776	1
534	3	3	25	13	9517369	9609696	9609674	9517436	81160951	93881236	58718861	92150273	1
535	3	3	26	13	9516578	9608990	9608984	9516669	81125236	93870872	58637413	92136889	1
536	3	3	26	13	9515754	9608288	9608252	9515823	81089224	93860362	58554939	92123793	1
537	3	3	26	13	9514802	9607483	9607488	9514806	81053330	93850062	58473161	92110531	1
538	3	3	26	13	9514024	9606873	9606877	9513982	81017497	93839856	58390738	92097278	1
539	3	3	26	13	9513074	9606168	9606151	9513076	80981821	93829461	58309282	92084068	1
540	3	3	26	13	9512160	9605353	9605340	9512142	80946529	93818996	58228640	92071013	1
541	3	3	26	13	9511126	9604458	9604460	9511166	80911374	93808586	58148046	92057969	1
542	3	3	26	13	9510365	9603824	9603808	9510358	80875581	93798224	58065478	92045013	1
543	3	3	26	13	9509393	9603072	9603059	9509451	80839952	93787983	57983750	92031773	1
544	3	3	26	13	9508527	9602365	9602329	9508610	80804741	93777886	57902967	92018720	1
545	3	3	26	13	9507659	9601575	9601565	9507625	80768912	93767595	57820760	92005562	1
546	3	3	26	13	9506951	9601034	9600954	9506977	80732230	93757548	57736715	91992444	1
547	3	3	26	14	9506015	9600117	9600093	9506004	80695869	93747329	57653895	91979231	1
548	3	3	26	14	9505344	9599447	9599399	9505309	80659900	93736986	57571578	91966090	1
549	3	3	26	14	9504372	9598590	9598575	9504433	80624138	93726630	57490076	91952794	1
550	3	3	26	14	9503483	9597814	9597796	9503513	80588994	93716255	57410759	91939714	1
551	3	3	26	14	9502571	9597093	9597073	9502576	80553856	93705798	57330540	91926794	1
552	3	3	26	14	9501631	9596324	9596327	9501634	80518799	93695486	57250353	91913884	1
553	3	3	26	14	9500917	9595679	9595676	9500948	80482919	93685390	57168285	91900801	1
554	3	3	26	14	9500114	9595050	9595073	9500147	80447492	93675229	57087542	91887660	1
555	3	3	26	14	9499279	9594403	9594418	9499268	80412023	93664965	57006618	91874511	1
556	3	3	26	14	9498423	9593623	9593633	9498379	80376845	93654674	56926384	91861398	1
557	3	3	26	14	9497360	9592878	9592858	9497428	80341801	93644221	56846595	91848049	1
558	3	3	26	14	9496432	9592122	9592129	9496374	80306725	93634124	56766004	91835187	1
559	3	3	26	14	9495526	9591435	9591417	9495440	80271129	93623877	56684930	91822250	1
560	3	3	26	14	9494658	9590747	9590725	9494676	80235472	93613637	56603358	91809295	1
561	3	3	26	14	9493784	9589962	9589957	9493796	80199695	93603333	56521135	91796041	1
562	3	3	26	14	9492855	9589186	9589181	9492856	80163700	93592979	56438400	91782807	1
563	3	3	26	14	9492039	9588483	9588460	9492056	80127552	93583047	56354963	91769705	1
564	3	3	26	14	9491329	9587765	9587720	9491264	80091560	93572864	56272088	91756660	1
565	3	3	26	14	9490476	9586990	9586964	9490467	80055511	93562601	56188815	91743402	1
566	3	3	26	14	9489626	9586144	9586142	9489605	80019563	93552332	56106018	91730501	1
567	3	3	26	14	9488797	9585393	9585390	9488800	79983546	93542076	56023214	91717609	1
568	3	3	26	14	9487982	9584768	9584757	9488053	79947676	93531931	55940710	91704571	1
569	3	3	26	14	9487043	9584023	9584045	9487045	79912316	93521953	55859660	91691817	1
570	3	3	26	14	9486107	9583346	9583332	9486169	79876741	93511737	55778068	91678745	1
571	3	3	26	14	9485275	9582693	9582696	9485311	79841533	93501426	55697448	91665774	1
572	3	3	26	14	9484325	9582011	9581981	9484354	79805894	93491366	55616470	91652830	1
573	3	3	26	14	9483588	9581394	9581371	9483615	79771102	93481065	55537165	91639789	1
574	3	3	26	14	9482716	9580734	9580695	9482830	79736362	93470996	55457411	91626981	1
575	3	3	26	14	9481875	9580013	9579998	9481977	79701286	93460876	55376557	91614133	1
576	3	3	27	14	9481092	9579388	9579339	9481078	79666086	93450501	55296208	91601253	1
577	3	3	27	14	9479913	9578587	9578572	9479929	79631143	93440276	55217444	91588189	1
578	3	3	27	14	9479077	9577933	9577885	9479099	79596311	93430070	55137834	91575354	1
579	3	3	27	14	9478183	9577192	9577225	9478152	79561364	93420004	55057555	91562461	1
580	3	3	27	14	9477220	9576419	9576414	9477215	79525278	93409963	54974533	91549687	1
581	3	3	27	14	9476403	9575868	9575807	9476468	79489567	93399872	54892171	91536636	1
582	3	3	27	14	9475472	9575130	9575105	9475524	79453454	93389723	54808911	91523706	1
583	3	3	27	14	9474578	9574400	9574383	9474584	79417890	93379556	54727228	91510773	1
584	3	3	27	14	9473714	9573634	9573629	9473698	79382687	93369360	54646129	91497795	1
585	3	3	27	14	9472762	9572868	9572852	9472777	79346966	93359355	54564069	91485022	1
586	3	3	27	14	9471968	9572101	9572092	9472026	79311408	93349235	54482501	91472191	1
587	4	3	27	14	9471144	9571269	9571265	9471169	79275904	93339217	54401346	91459174	1
588	4	3	27	14	9470376	9570586	9570572	9470339	79240398	93329100	54320027	91446374	1
589	4	3	27	14	9469448	9569840	9569825	9469482	79204536	93319036	54237525	91433569	1
590	4	3	27	14	9468572	9569162	9569158	9468558	79168738	93309000	54154800	91420764	1
591	4	3	27	14	9467577	9568489	9568492	9467643	79133094	93299186	54073169	91407908	1
592	4	3	27	14	9466655	9567659	9567641	9466673	79097277	93289087	53990578	91395069	1
593	4	3	27	14	9465760	9566874	9566867	9465773	79061776	93279010	53909071	91382190	1
594	4	3	27	14	9464929	9566243	9566218	9464926	79026242	93268987	53827221	91369468	1
595	4	3	27	14	9464129	9565580	9565536	9464217	78990621	93258853	53744909	91356756	1
596	4	3	27	14	9463367	9564948	9564927	9463444	78954559	93248664	53661296	91344152	1
597	4	3	27	14	9462333	9564178	9564156	9462374	78918737	93238654	53578598	91331634	1
598	4	3	27	14	9461309	9563445	9563415	9461340	78883687	93228721	53497277	91318644	1
599	4	3	27	14	9460445	9562729	9562711	9460500	78848057	93218625	53415084	91305896	1
600	4	3	27	14	9459591	9562058	9561999	9459644	78812269	93208427	53332539	91293016	1
