0 Sense
 Antisense

1 Sense
Strand 1:[0 218][386 464][4214999 4215605]
 Antisense
Strand 1:[0 312][4215076 4215605]

2 Sense
Strand 1:[0 933][1235 1308][4214163 4215605]
 Antisense
Strand 1:[0 753][791 1232][4214229 4215605]

3 Sense
Strand 1:[0 2041][4213304 4215605]
 Antisense
Strand 1:[0 1935][1939 2125][4213357 4215605]

4 Sense
Strand 1:[0 2818][3023 3034][4212445 4215605]
 Antisense
Strand 1:[0 2597][2642 3061][3076 3117][4212558 4215605]

5 Sense
Strand 1:[0 3595][4211622 4215605]
 Antisense
Strand 1:[0 3291][3479 3748][3834 3923][3975 3981][4211763 4215605]

6 Sense
Strand 1:[0 4497][4562 4608][4210792 4215605]
 Antisense
Strand 1:[0 4524][4679 4743][4210934 4215605]

7 Sense
Strand 1:[0 5294][5436 5463][4209936 4215605]
 Antisense
Strand 1:[0 5327][4210095 4215605]

8 Sense
Strand 1:[0 5935][6032 6258][4209155 4215605]
 Antisense
Strand 1:[0 5757][5831 6143][4209258 4215605]

9 Sense
Strand 1:[0 6822][4208263 4215605]
 Antisense
Strand 1:[0 6456][6876 7106][4208393 4215605]

10 Sense
Strand 1:[0 7770][8047 8049][4207461 4215605]
 Antisense
Strand 1:[0 7936][4207556 4215605]

11 Sense
Strand 1:[0 8483][4206658 4215605]
 Antisense
Strand 1:[0 8325][8454 8773][4206702 4215605]

12 Sense
Strand 1:[0 9321][9425 9579][4205824 4215605]
 Antisense
Strand 1:[0 9212][9439 9632][4205858 4215605]

13 Sense
Strand 1:[0 10146][4205001 4215605]
 Antisense
Strand 1:[0 10190][4205042 4215605]

14 Sense
Strand 1:[0 11182][4204176 4215605]
 Antisense
Strand 1:[0 10190][10500 10970][11185 11345][4204215 4215605]

15 Sense
Strand 1:[0 11630][11914 12121][4203340 4215605]
 Antisense
Strand 1:[0 11888][11975 12186][12245 12255][4203340 4215605]

16 Sense
Strand 1:[0 12773][4202492 4215605]
 Antisense
Strand 1:[0 12255][12490 12934][13016 13063][4202509 4215605]

17 Sense
Strand 1:[0 12773][12840 13382][4201692 4215605]
 Antisense
Strand 1:[0 13749][4201658 4215605]

18 Sense
Strand 1:[0 14342][14517 14672][4200866 4215605]
 Antisense
Strand 1:[0 14078][14355 14547][4200850 4215605]

19 Sense
Strand 1:[0 15351][4200032 4215605]
 Antisense
Strand 1:[0 14547][14660 15363][4200044 4215605]

20 Sense
Strand 1:[0 15582][15617 15997][16127 16265][4199167 4215605]
 Antisense
Strand 1:[0 16075][4199230 4215605]

21 Sense
Strand 1:[0 16862][17011 17120][4198357 4215605]
 Antisense
Strand 1:[0 17123][4198368 4215605]

22 Sense
Strand 1:[0 17900][18020 18064][4197491 4215605]
 Antisense
Strand 1:[0 17674][4197502 4215605]

23 Sense
Strand 1:[0 18630][18729 18834][18883 18914][4196684 4215605]
 Antisense
Strand 1:[0 17674][18630 18789][4196666 4215605]

24 Sense
Strand 1:[0 19677][19720 19755][4195808 4215605]
 Antisense
Strand 1:[0 17674][17807 19526][4195818 4215605]

25 Sense
Strand 1:[0 20135][20212 20412][20600 20618][4195027 4215605]
 Antisense
Strand 1:[0 20255][20351 20509][4194969 4215605]

26 Sense
Strand 1:[0 21205][4194195 4215605]
 Antisense
Strand 1:[0 21016][21093 21315][4194135 4215605]

27 Sense
Strand 1:[0 21996][22235 22273][4193343 4215605]
 Antisense
Strand 1:[0 21891][21929 22166][22231 22246][4193292 4215605]

28 Sense
Strand 1:[0 22818][4192498 4215605]
 Antisense
Strand 1:[0 22546][22566 22819][22874 23007][4192505 4215605]

29 Sense
Strand 1:[0 23275][23773 23860][4191702 4215605]
 Antisense
Strand 1:[0 23180][23649 23774][23823 23873][23897 23900][4191660 4215605]

30 Sense
Strand 1:[0 23860][23872 24322][24582 24674][24757 24763][4190902 4215605]
 Antisense
Strand 1:[0 24050][24177 24442][24548 24622][4190833 4215605]

31 Sense
Strand 1:[0 25157][25233 25518][4190072 4215605]
 Antisense
Strand 1:[0 25342][25360 25445][4189988 4215605]

32 Sense
Strand 1:[0 25518][25831 26301][4189200 4215605]
 Antisense
Strand 1:[0 26236][4189175 4215605]

33 Sense
Strand 1:[0 27092][4188397 4215605]
 Antisense
Strand 1:[0 26662][26665 26961][26975 27101][4188344 4215605]

34 Sense
Strand 1:[0 27806][4187564 4215605]
 Antisense
Strand 1:[0 27101][27717 27886][4187494 4215605]

35 Sense
Strand 1:[0 28395][28436 28690][4186765 4215605]
 Antisense
Strand 1:[0 28605][28716 28784][4186651 4215605]

36 Sense
Strand 1:[0 29106][29564 29665][4185931 4215605]
 Antisense
Strand 1:[0 29375][4185837 4215605]

37 Sense
Strand 1:[0 30301][4185165 4215605]
 Antisense
Strand 1:[0 29375][29418 29977][4185041 4215605]

38 Sense
Strand 1:[0 30909][31246 31331][4184290 4215605]
 Antisense
Strand 1:[0 29977][30516 30902][30942 31112][4184196 4215605]

39 Sense
Strand 1:[0 32035][32172 32223][4183458 4215605]
 Antisense
Strand 1:[0 31453][32016 32083][4183344 4215605]

40 Sense
Strand 1:[0 32707][32955 33045][4182625 4215605]
 Antisense
Strand 1:[0 32511][32849 32918][4182522 4215605]

41 Sense
Strand 1:[0 33208][33395 33619][33670 33763][4181796 4215605]
 Antisense
Strand 1:[0 33650][33790 33801][4181744 4215605]

42 Sense
Strand 1:[0 34545][4180939 4215605]
 Antisense
Strand 1:[0 34091][34236 34452][34654 34662][4180931 4215605]

43 Sense
Strand 1:[0 35378][4180127 4215605]
 Antisense
Strand 1:[0 34955][35442 35462][4180096 4215605]

44 Sense
Strand 1:[0 35565][35966 36145][4179330 4215605]
 Antisense
Strand 1:[0 35839][35884 36145][4179281 4215605]

45 Sense
Strand 1:[0 36852][4178529 4215605]
 Antisense
Strand 1:[0 36800][36871 36987][4178427 4215605]

46 Sense
Strand 1:[0 37873][4177681 4215605]
 Antisense
Strand 1:[0 37727][4177606 4215605]

47 Sense
Strand 1:[0 38309][38373 38615][4176885 4215605]
 Antisense
Strand 1:[0 38594][4176753 4215605]

48 Sense
Strand 1:[0 39284][39654 39677][4176069 4215605]
 Antisense
Strand 1:[0 38594][38761 39448][39516 39525][4175901 4215605]

49 Sense
Strand 1:[0 39988][40259 40412][4175197 4215605]
 Antisense
Strand 1:[0 39695][39861 40123][4175102 4215605]

50 Sense
Strand 1:[0 40860][41139 41232][4174384 4215605]
 Antisense
Strand 1:[0 40123][40253 40804][40841 41060][4174302 4215605]

51 Sense
Strand 1:[0 41763][4173621 4215605]
 Antisense
Strand 1:[0 41389][41518 41774][41904 41947][4173489 4215605]

52 Sense
Strand 1:[0 42378][42907 42949][4172722 4215605]
 Antisense
Strand 1:[0 42434][42467 42646][4172617 4215605]

53 Sense
Strand 1:[0 43425][43585 43722][43789 43805][4171914 4215605]
 Antisense
Strand 1:[0 43365][43603 43646][4171785 4215605]

54 Sense
Strand 1:[0 44439][44555 44596][44599 44623][4171085 4215605]
 Antisense
Strand 1:[0 43988][44116 44339][44385 44461][4170963 4215605]

55 Sense
Strand 1:[0 45105][45259 45374][4170239 4215605]
 Antisense
Strand 1:[0 45119][45191 45275][4170115 4215605]

56 Sense
Strand 1:[0 45539][45564 45927][46114 46200][4169445 4215605]
 Antisense
Strand 1:[0 45816][46062 46135][4169296 4215605]

57 Sense
Strand 1:[0 46821][46961 47041][4168633 4215605]
 Antisense
Strand 1:[0 46489][46518 46804][4168481 4215605]

58 Sense
Strand 1:[0 47420][47921 47932][4167737 4215605]
 Antisense
Strand 1:[0 47417][47446 47791][47817 47839][4167654 4215605]

59 Sense
Strand 1:[0 47932][48043 48413][4166929 4215605]
 Antisense
Strand 1:[0 48199][48392 48596][48603 48643][4166808 4215605]

60 Sense
Strand 1:[0 48413][48725 49199][49426 49537][4166122 4215605]
 Antisense
Strand 1:[0 49106][49177 49347][4165965 4215605]

61 Sense
Strand 1:[0 50101][4165294 4215605]
 Antisense
Strand 1:[0 49978][50237 50281][50303 50306][4165106 4215605]

62 Sense
Strand 1:[0 50101][50234 51073][4164453 4215605]
 Antisense
Strand 1:[0 50972][4164304 4215605]

63 Sense
Strand 1:[0 51589][51863 51997][4163595 4215605]
 Antisense
Strand 1:[0 51483][4163444 4215605]

64 Sense
Strand 1:[0 52725][4162758 4215605]
 Antisense
Strand 1:[0 51483][51590 52218][52354 52598][4162607 4215605]

65 Sense
Strand 1:[0 53009][53293 53711][4161916 4215605]
 Antisense
Strand 1:[0 53249][4161766 4215605]

66 Sense
Strand 1:[0 54164][54474 54563][4161076 4215605]
 Antisense
Strand 1:[0 53249][53659 54300][4160946 4215605]

67 Sense
Strand 1:[0 55083][55125 55305][55325 55421][4160253 4215605]
 Antisense
Strand 1:[0 54842][54882 55293][4160104 4215605]

68 Sense
Strand 1:[0 55421][55509 56042][56226 56266][4159427 4215605]
 Antisense
Strand 1:[0 55824][55948 56064][4159299 4215605]

69 Sense
Strand 1:[0 56852][4158640 4215605]
 Antisense
Strand 1:[0 56736][56919 56934][4158467 4215605]

70 Sense
Strand 1:[0 57145][57360 57654][57789 57908][4157825 4215605]
 Antisense
Strand 1:[0 57673][4157639 4215605]

71 Sense
Strand 1:[0 57908][58031 58512][4156979 4215605]
 Antisense
Strand 1:[0 57950][58250 58440][4156825 4215605]

72 Sense
Strand 1:[0 58512][58653 59365][4156138 4215605]
 Antisense
Strand 1:[0 58666][58855 59248][59278 59401][4155992 4215605]

73 Sense
Strand 1:[0 59664][60194 60373][4155395 4215605]
 Antisense
Strand 1:[0 59657][59953 60093][60105 60159][60192 60202][4155159 4215605]

74 Sense
Strand 1:[0 61031][4154552 4215605]
 Antisense
Strand 1:[0 60202][60269 60954][4154338 4215605]

75 Sense
Strand 1:[0 61826][4153715 4215605]
 Antisense
Strand 1:[0 61513][61735 61812][4153496 4215605]

76 Sense
Strand 1:[0 62381][62473 62786][4152888 4215605]
 Antisense
Strand 1:[0 62325][62368 62583][4152702 4215605]

77 Sense
Strand 1:[0 63169][63465 63624][4152087 4215605]
 Antisense
Strand 1:[0 62869][63023 63285][4151888 4215605]

78 Sense
Strand 1:[0 64370][4151259 4215605]
 Antisense
Strand 1:[0 63698][64132 64237][4151124 4215605]

79 Sense
Strand 1:[0 64711][64752 65206][65310 65316][4150397 4215605]
 Antisense
Strand 1:[0 64591][64636 64908][4150282 4215605]

80 Sense
Strand 1:[0 65775][4149544 4215605]
 Antisense
Strand 1:[0 65829][4149448 4215605]

81 Sense
Strand 1:[0 66678][4148735 4215605]
 Antisense
Strand 1:[0 66646][4148609 4215605]

82 Sense
Strand 1:[0 67516][67664 67789][4147929 4215605]
 Antisense
Strand 1:[0 67400][4147728 4215605]

83 Sense
Strand 1:[0 68499][4147128 4215605]
 Antisense
Strand 1:[0 67963][67995 68232][68285 68381][4146950 4215605]

84 Sense
Strand 1:[0 69173][4146294 4215605]
 Antisense
Strand 1:[0 68504][68685 68987][69020 69167][4146148 4215605]

85 Sense
Strand 1:[0 70071][70239 70280][4145463 4215605]
 Antisense
Strand 1:[0 69899][69943 70040][4145280 4215605]

86 Sense
Strand 1:[0 70848][71153 71161][4144648 4215605]
 Antisense
Strand 1:[0 70606][70821 70893][4144440 4215605]

87 Sense
Strand 1:[0 71553][71938 71970][4143828 4215605]
 Antisense
Strand 1:[0 71535][4143609 4215605]

88 Sense
Strand 1:[0 72508][4142987 4215605]
 Antisense
Strand 1:[0 72167][72399 72534][4142725 4215605]

89 Sense
Strand 1:[0 73028][73153 73434][4142182 4215605]
 Antisense
Strand 1:[0 73123][4141933 4215605]

90 Sense
Strand 1:[0 74231][74269 74385][4141390 4215605]
 Antisense
Strand 1:[0 73494][73521 73857][74180 74193][4141120 4215605]

91 Sense
Strand 1:[0 75033][75224 75276][4140577 4215605]
 Antisense
Strand 1:[0 74409][4140257 4215605]

92 Sense
Strand 1:[0 75825][76075 76130][4139775 4215605]
 Antisense
Strand 1:[0 75321][75343 75678][75757 75797][4139414 4215605]

93 Sense
Strand 1:[0 76859][4138962 4215605]
 Antisense
Strand 1:[0 75918][76299 76464][76637 76639][4138569 4215605]

94 Sense
Strand 1:[0 77710][77790 77836][4138135 4215605]
 Antisense
Strand 1:[0 77017][77136 77339][4137733 4215605]

95 Sense
Strand 1:[0 78127][78221 78450][4137292 4215605]
 Antisense
Strand 1:[0 77589][77878 78094][4136942 4215605]

96 Sense
Strand 1:[0 78450][79263 79361][4136466 4215605]
 Antisense
Strand 1:[0 78638][4136136 4215605]

97 Sense
Strand 1:[0 79361][4135645 4215605]
 Antisense
Strand 1:[0 79718][79740 79846][4135327 4215605]

98 Sense
Strand 1:[0 79361][79440 80560][80615 80860][80922 81004][4134828 4215605]
 Antisense
Strand 1:[0 80187][80394 80582][4134518 4215605]

99 Sense
Strand 1:[0 81419][81697 81818][4134000 4215605]
 Antisense
Strand 1:[0 81137][4133677 4215605]

100 Sense
Strand 1:[0 82506][82633 82695][4133146 4215605]
 Antisense
Strand 1:[0 82036][82166 82359][4132829 4215605]

101 Sense
Strand 1:[0 82695][83082 83339][83393 83486][4132338 4215605]
 Antisense
Strand 1:[0 82573][82634 82962][83139 83199][4132015 4215605]

102 Sense
Strand 1:[0 84218][4131517 4215605]
 Antisense
Strand 1:[0 83541][83718 83911][83930 84012][4131203 4215605]

103 Sense
Strand 1:[0 84802][85171 85203][4130656 4215605]
 Antisense
Strand 1:[0 84868][4130373 4215605]

104 Sense
Strand 1:[0 85639][85910 85988][4129855 4215605]
 Antisense
Strand 1:[0 84868][84893 85338][85472 85611][4129547 4215605]

105 Sense
Strand 1:[0 86083][86149 86664][4129007 4215605]
 Antisense
Strand 1:[0 86200][4128762 4215605]

106 Sense
Strand 1:[0 87337][87548 87609][4128210 4215605]
 Antisense
Strand 1:[0 87048][4127937 4215605]

107 Sense
Strand 1:[0 88258][88382 88459][4127365 4215605]
 Antisense
Strand 1:[0 87742][87770 88086][88093 88167][4127070 4215605]

108 Sense
Strand 1:[0 89124][4126548 4215605]
 Antisense
Strand 1:[0 88441][88731 88957][4126252 4215605]

109 Sense
Strand 1:[0 89890][90084 90122][4125698 4215605]
 Antisense
Strand 1:[0 89533][89648 89808][4125444 4215605]

110 Sense
Strand 1:[0 90778][90928 90946][4124878 4215605]
 Antisense
Strand 1:[0 90045][90186 90478][4124637 4215605]

111 Sense
Strand 1:[0 91172][91310 91640][91787 91794][4124079 4215605]
 Antisense
Strand 1:[0 91122][91299 91435][4123808 4215605]

112 Sense
Strand 1:[0 92145][4123261 4215605]
 Antisense
Strand 1:[0 91975][92077 92244][92292 92318][4122981 4215605]

113 Sense
Strand 1:[0 92630][92689 93063][93177 93316][4122462 4215605]
 Antisense
Strand 1:[0 92878][4122131 4215605]

114 Sense
Strand 1:[0 93844][93884 94163][4121626 4215605]
 Antisense
Strand 1:[0 93367][93378 93807][4121297 4215605]

115 Sense
Strand 1:[0 94690][94949 95101][95166 95167][4120801 4215605]
 Antisense
Strand 1:[0 93807][93949 94524][94528 94673][4120436 4215605]

116 Sense
Strand 1:[0 95451][95473 95816][4119974 4215605]
 Antisense
Strand 1:[0 94978][95008 95327][95337 95540][4119600 4215605]

117 Sense
Strand 1:[0 96610][96792 96808][4119148 4215605]
 Antisense
Strand 1:[0 96157][96243 96354][96396 96428][4118787 4215605]

118 Sense
Strand 1:[0 97245][97268 97464][4118322 4215605]
 Antisense
Strand 1:[0 97135][97279 97279][4117936 4215605]

119 Sense
Strand 1:[0 98269][4117501 4215605]
 Antisense
Strand 1:[0 97758][4117116 4215605]

120 Sense
Strand 1:[0 98269][98977 99205][99244 99277][4116694 4215605]
 Antisense
Strand 1:[0 98332][98528 98714][4116284 4215605]

121 Sense
Strand 1:[0 99332][4115877 4215605]
 Antisense
Strand 1:[0 99542][99728 99728][4115466 4215605]

122 Sense
Strand 1:[0 99332][99855 100858][4115048 4215605]
 Antisense
Strand 1:[0 100323][4114643 4215605]

123 Sense
Strand 1:[0 100858][101388 101601][4114142 4215605]
 Antisense
Strand 1:[0 100683][101391 101426][4113821 4215605]

124 Sense
Strand 1:[0 102327][102462 102531][4113304 4215605]
 Antisense
Strand 1:[0 101804][101832 102081][4112990 4215605]

125 Sense
Strand 1:[0 102841][102893 103178][103220 103410][4112490 4215605]
 Antisense
Strand 1:[0 102734][103012 103063][4112163 4215605]

126 Sense
Strand 1:[0 103749][4111663 4215605]
 Antisense
Strand 1:[0 103490][103505 103740][103852 103917][4111352 4215605]

127 Sense
Strand 1:[0 104736][105047 105058][4110834 4215605]
 Antisense
Strand 1:[0 104461][4110537 4215605]

128 Sense
Strand 1:[0 105733][105793 105862][105927 105935][4110060 4215605]
 Antisense
Strand 1:[0 105243][4109663 4215605]

129 Sense
Strand 1:[0 106541][106565 106662][106732 106748][4109289 4215605]
 Antisense
Strand 1:[0 105243][105255 105891][105894 106121][4108848 4215605]

130 Sense
Strand 1:[0 107100][107225 107465][107573 107578][4108459 4215605]
 Antisense
Strand 1:[0 106848][4108024 4215605]

131 Sense
Strand 1:[0 108066][108263 108321][4107648 4215605]
 Antisense
Strand 1:[0 107567][107696 107823][4107219 4215605]

132 Sense
Strand 1:[0 108881][4106852 4215605]
 Antisense
Strand 1:[0 108578][108609 108703][4106430 4215605]

133 Sense
Strand 1:[0 109732][109932 109992][4106006 4215605]
 Antisense
Strand 1:[0 109403][4105581 4215605]

134 Sense
Strand 1:[0 110707][4105210 4215605]
 Antisense
Strand 1:[0 109403][109564 109986][4104794 4215605]

135 Sense
Strand 1:[0 111403][111633 111644][4104371 4215605]
 Antisense
Strand 1:[0 109986][111225 111229][4103945 4215605]

136 Sense
Strand 1:[0 112058][4103549 4215605]
 Antisense
Strand 1:[0 109986][110431 111515][111584 111804][111885 112007][112043 112051][4103097 4215605]

137 Sense
Strand 1:[0 112854][112989 113168][4102723 4215605]
 Antisense
Strand 1:[0 112051][112398 112819][4102270 4215605]

138 Sense
Strand 1:[0 113746][113811 114058][114113 114162][4101910 4215605]
 Antisense
Strand 1:[0 113473][4101392 4215605]

139 Sense
Strand 1:[0 114733][4101106 4215605]
 Antisense
Strand 1:[0 113949][114216 114359][4100569 4215605]

140 Sense
Strand 1:[0 115560][115865 115876][4100229 4215605]
 Antisense
Strand 1:[0 115003][115288 115332][4099710 4215605]

141 Sense
Strand 1:[0 116076][116229 116474][4099387 4215605]
 Antisense
Strand 1:[0 115332][115467 115990][116045 116145][4098855 4215605]

142 Sense
Strand 1:[0 117100][117296 117431][4098610 4215605]
 Antisense
Strand 1:[0 116436][116701 116852][4098038 4215605]

143 Sense
Strand 1:[0 117964][4097803 4215605]
 Antisense
Strand 1:[0 117683][4097239 4215605]

144 Sense
Strand 1:[0 118506][119010 119107][4096982 4215605]
 Antisense
Strand 1:[0 118310][118559 118588][4096398 4215605]

145 Sense
Strand 1:[0 119718][119803 119893][4096131 4215605]
 Antisense
Strand 1:[0 118938][119072 119352][4095609 4215605]

146 Sense
Strand 1:[0 120607][120715 120773][4095306 4215605]
 Antisense
Strand 1:[0 120016][120128 120202][4094753 4215605]

147 Sense
Strand 1:[0 121335][121654 121659][4094483 4215605]
 Antisense
Strand 1:[0 120659][120661 120888][120917 121016][4093941 4215605]

148 Sense
Strand 1:[0 121789][121850 122367][4093658 4215605]
 Antisense
Strand 1:[0 121544][121758 121855][4093050 4215605]

149 Sense
Strand 1:[0 122748][122760 123081][4092825 4215605]
 Antisense
Strand 1:[0 122394][4092216 4215605]

150 Sense
Strand 1:[0 124101][124185 124205][4092026 4215605]
 Antisense
Strand 1:[0 123463][4091392 4215605]

151 Sense
Strand 1:[0 124769][4091253 4215605]
 Antisense
Strand 1:[0 124178][124302 124328][4090597 4215605]

152 Sense
Strand 1:[0 124769][125125 125490][125619 125752][4090437 4215605]
 Antisense
Strand 1:[0 124859][125166 125167][4089718 4215605]

153 Sense
Strand 1:[0 126265][126496 126613][4089599 4215605]
 Antisense
Strand 1:[0 125726][125731 125874][4088897 4215605]

154 Sense
Strand 1:[0 126864][127003 127369][127483 127522][4088745 4215605]
 Antisense
Strand 1:[0 126478][4088049 4215605]

155 Sense
Strand 1:[0 127961][128025 128184][4087933 4215605]
 Antisense
Strand 1:[0 127366][127502 127584][4087265 4215605]

156 Sense
Strand 1:[0 128875][129070 129126][4087082 4215605]
 Antisense
Strand 1:[0 127584][127706 128102][128114 128304][4086423 4215605]

157 Sense
Strand 1:[0 129793][129814 129920][129962 129992][4086260 4215605]
 Antisense
Strand 1:[0 129055][4085589 4215605]

158 Sense
Strand 1:[0 130420][130707 130765][4085456 4215605]
 Antisense
Strand 1:[0 129632][129842 129995][130016 130107][4084776 4215605]

159 Sense
Strand 1:[0 131231][4084645 4215605]
 Antisense
Strand 1:[0 130697][130944 130952][4083987 4215605]

160 Sense
Strand 1:[0 131231][131282 132110][4083839 4215605]
 Antisense
Strand 1:[0 131422][4083138 4215605]

161 Sense
Strand 1:[0 132846][133203 133272][4083005 4215605]
 Antisense
Strand 1:[0 132050][4082274 4215605]

162 Sense
Strand 1:[0 133885][133996 134073][4082196 4215605]
 Antisense
Strand 1:[0 133097][4081463 4215605]

163 Sense
Strand 1:[0 134296][134318 134810][4081376 4215605]
 Antisense
Strand 1:[0 133505][134154 134189][4080663 4215605]

164 Sense
Strand 1:[0 135445][135677 135733][4080546 4215605]
 Antisense
Strand 1:[0 134189][134259 134658][134895 135005][4079806 4215605]

165 Sense
Strand 1:[0 136436][136583 136618][4079728 4215605]
 Antisense
Strand 1:[0 135366][135576 135733][135823 135847][4078954 4215605]

166 Sense
Strand 1:[0 136910][137044 137292][4078857 4215605]
 Antisense
Strand 1:[0 136350][136534 136699][4078131 4215605]

167 Sense
Strand 1:[0 137705][137918 138105][4078015 4215605]
 Antisense
Strand 1:[0 137486][4077313 4215605]

168 Sense
Strand 1:[0 138420][138605 138857][4077204 4215605]
 Antisense
Strand 1:[0 137851][4076524 4215605]

169 Sense
Strand 1:[0 139484][4076406 4215605]
 Antisense
Strand 1:[0 138782][138909 139057][4075683 4215605]

170 Sense
Strand 1:[0 140404][140465 140610][140654 140698][4075583 4215605]
 Antisense
Strand 1:[0 139767][4074864 4215605]

171 Sense
Strand 1:[0 141157][141231 141479][4074787 4215605]
 Antisense
Strand 1:[0 140496][140603 140707][4074007 4215605]

172 Sense
Strand 1:[0 141695][4073973 4215605]
 Antisense
Strand 1:[0 141455][141569 141597][4073239 4215605]

173 Sense
Strand 1:[0 141695][143090 143142][4073152 4215605]
 Antisense
Strand 1:[0 142120][142183 142312][142320 142381][4072404 4215605]

174 Sense
Strand 1:[0 141695][142268 143469][4072275 4215605]
 Antisense
Strand 1:[0 142691][142787 143052][4071573 4215605]

175 Sense
Strand 1:[0 144297][4071483 4215605]
 Antisense
Strand 1:[0 143614][143714 143977][4070714 4215605]

176 Sense
Strand 1:[0 144297][145277 145499][4070645 4215605]
 Antisense
Strand 1:[0 144675][144760 144861][144888 144925][4069860 4215605]

177 Sense
Strand 1:[0 144297][144460 145499][145966 146352][146354 146466][146536 146551][4069847 4215605]
 Antisense
Strand 1:[0 145358][145535 145655][4069032 4215605]

178 Sense
Strand 1:[0 147078][147193 147292][4069052 4215605]
 Antisense
Strand 1:[0 146402][4068199 4215605]

179 Sense
Strand 1:[0 147809][148126 148190][148234 148242][4068234 4215605]
 Antisense
Strand 1:[0 147268][4067359 4215605]

180 Sense
Strand 1:[0 148712][148826 148941][149008 149034][4067432 4215605]
 Antisense
Strand 1:[0 147374][148101 148138][4066546 4215605]

181 Sense
Strand 1:[0 149097][149599 149789][4066637 4215605]
 Antisense
Strand 1:[0 148697][148933 148951][4065725 4215605]

182 Sense
Strand 1:[0 150241][150396 150576][4065811 4215605]
 Antisense
Strand 1:[0 149424][149448 149657][4064906 4215605]

183 Sense
Strand 1:[0 151457][4065005 4215605]
 Antisense
Strand 1:[0 150021][150503 150557][150565 150577][4064076 4215605]

184 Sense
Strand 1:[0 151457][151720 152022][4064157 4215605]
 Antisense
Strand 1:[0 151018][151323 151374][151397 151419][4063297 4215605]

185 Sense
Strand 1:[0 152821][153022 153072][4063338 4215605]
 Antisense
Strand 1:[0 152114][152146 152233][4062469 4215605]

186 Sense
Strand 1:[0 153831][153855 153894][4062523 4215605]
 Antisense
Strand 1:[0 152782][152863 152971][4061677 4215605]

187 Sense
Strand 1:[0 154367][154657 154737][4061720 4215605]
 Antisense
Strand 1:[0 153441][153820 153857][4060829 4215605]

188 Sense
Strand 1:[0 155314][4060913 4215605]
 Antisense
Strand 1:[0 154467][154492 154588][4060011 4215605]

189 Sense
Strand 1:[0 155990][156158 156320][4060073 4215605]
 Antisense
Strand 1:[0 154931][155082 155380][4059195 4215605]

190 Sense
Strand 1:[0 157062][157102 157147][4059232 4215605]
 Antisense
Strand 1:[0 155741][155990 156189][4058414 4215605]

191 Sense
Strand 1:[0 157147][157583 157804][4058433 4215605]
 Antisense
Strand 1:[0 156866][157013 157104][4057593 4215605]

192 Sense
Strand 1:[0 158574][158618 158781][158807 158843][4057597 4215605]
 Antisense
Strand 1:[0 157104][157318 157784][4056732 4215605]

193 Sense
Strand 1:[0 159173][159206 159453][4056745 4215605]
 Antisense
Strand 1:[0 158291][158683 158755][4055888 4215605]

194 Sense
Strand 1:[0 159453][159881 160462][4055867 4215605]
 Antisense
Strand 1:[0 159528][4055071 4215605]

195 Sense
Strand 1:[0 160462][160495 161163][4055049 4215605]
 Antisense
Strand 1:[0 159862][160113 160320][160402 160480][4054249 4215605]

196 Sense
Strand 1:[0 161907][4054262 4215605]
 Antisense
Strand 1:[0 161022][161315 161328][4053406 4215605]

197 Sense
Strand 1:[0 162827][4053416 4215605]
 Antisense
Strand 1:[0 162015][162060 162151][4052564 4215605]

198 Sense
Strand 1:[0 163585][163772 163832][4052611 4215605]
 Antisense
Strand 1:[0 162559][162716 162863][162906 162955][4051750 4215605]

199 Sense
Strand 1:[0 164052][164238 164553][4051790 4215605]
 Antisense
Strand 1:[0 163309][163437 163657][4050937 4215605]

200 Sense
Strand 1:[0 165260][4050940 4215605]
 Antisense
Strand 1:[0 163657][163933 164287][164526 164610][4050101 4215605]

201 Sense
Strand 1:[0 166171][4050091 4215605]
 Antisense
Strand 1:[0 164793][164824 165187][165273 165463][4049319 4215605]

202 Sense
Strand 1:[0 166350][4049301 4215605]
 Antisense
Strand 1:[0 165945][166082 166200][4048479 4215605]

203 Sense
Strand 1:[0 166350][167188 167568][167830 167886][4048492 4215605]
 Antisense
Strand 1:[0 166420][166532 166959][4047656 4215605]

204 Sense
Strand 1:[0 166350][166357 168386][168472 168598][4047718 4215605]
 Antisense
Strand 1:[0 167526][167675 167796][4046874 4215605]

205 Sense
Strand 1:[0 168756][168858 169222][169328 169466][4046894 4215605]
 Antisense
Strand 1:[0 168519][4046095 4215605]

206 Sense
Strand 1:[0 170034][4046075 4215605]
 Antisense
Strand 1:[0 168869][169379 169452][169503 169517][4045294 4215605]

207 Sense
Strand 1:[0 170415][170794 170996][4045240 4215605]
 Antisense
Strand 1:[0 169965][170069 170252][4044496 4215605]

208 Sense
Strand 1:[0 171706][4044436 4215605]
 Antisense
Strand 1:[0 170771][170903 171035][4043685 4215605]

209 Sense
Strand 1:[0 172316][4043593 4215605]
 Antisense
Strand 1:[0 171676][171732 171863][4042887 4215605]

210 Sense
Strand 1:[0 173233][173244 173392][4042736 4215605]
 Antisense
Strand 1:[0 172124][4042030 4215605]

211 Sense
Strand 1:[0 174052][174417 174418][4041943 4215605]
 Antisense
Strand 1:[0 172124][172581 173433][4041187 4215605]

212 Sense
Strand 1:[0 174757][174780 175003][175099 175163][4041109 4215605]
 Antisense
Strand 1:[0 173922][173986 174241][4040405 4215605]

213 Sense
Strand 1:[0 175833][4040287 4215605]
 Antisense
Strand 1:[0 175161][175255 175280][4039575 4215605]

214 Sense
Strand 1:[0 176220][176228 176661][176757 176791][4039451 4215605]
 Antisense
Strand 1:[0 175878][176007 176079][4038782 4215605]

215 Sense
Strand 1:[0 177305][177627 177640][4038667 4215605]
 Antisense
Strand 1:[0 176380][4037945 4215605]

216 Sense
Strand 1:[0 178102][178148 178314][178449 178461][4037820 4215605]
 Antisense
Strand 1:[0 177022][177486 177634][177730 177761][4037137 4215605]

217 Sense
Strand 1:[0 178846][4036977 4215605]
 Antisense
Strand 1:[0 177761][178177 178406][178466 178545][4036324 4215605]

218 Sense
Strand 1:[0 179563][179717 179896][180000 180036][180065 180071][4036172 4215605]
 Antisense
Strand 1:[0 178545][178617 179110][179325 179379][4035525 4215605]

219 Sense
Strand 1:[0 180517][4035384 4215605]
 Antisense
Strand 1:[0 180066][4034724 4215605]

220 Sense
Strand 1:[0 181396][4034545 4215605]
 Antisense
Strand 1:[0 180522][180596 180954][4033880 4215605]

221 Sense
Strand 1:[0 182362][182372 182446][4033703 4215605]
 Antisense
Strand 1:[0 181501][181693 181795][181887 181895][4033071 4215605]

222 Sense
Strand 1:[0 182446][182657 182988][183030 183242][4032909 4215605]
 Antisense
Strand 1:[0 182458][182581 182638][4032271 4215605]

223 Sense
Strand 1:[0 183692][183796 183966][184111 184118][4032042 4215605]
 Antisense
Strand 1:[0 182768][183343 183501][4031474 4215605]

224 Sense
Strand 1:[0 184749][4031244 4215605]
 Antisense
Strand 1:[0 183582][183633 184141][184327 184341][4030638 4215605]

225 Sense
Strand 1:[0 185304][185421 185630][185680 185742][185749 185780][4030436 4215605]
 Antisense
Strand 1:[0 184341][184798 184991][4029786 4215605]

226 Sense
Strand 1:[0 186022][186060 186484][186529 186593][4029633 4215605]
 Antisense
Strand 1:[0 185349][185798 185883][4028950 4215605]

227 Sense
Strand 1:[0 187048][4028793 4215605]
 Antisense
Strand 1:[0 186423][186484 186632][4028099 4215605]

228 Sense
Strand 1:[0 187626][188094 188274][4027957 4215605]
 Antisense
Strand 1:[0 187087][187132 187384][187575 187604][4027257 4215605]

229 Sense
Strand 1:[0 189032][4027138 4215605]
 Antisense
Strand 1:[0 187953][188069 188290][188460 188464][4026422 4215605]

230 Sense
Strand 1:[0 189681][189845 189924][4026308 4215605]
 Antisense
Strand 1:[0 188464][188619 189016][189031 189167][4025602 4215605]

231 Sense
Strand 1:[0 190325][190638 190736][4025510 4215605]
 Antisense
Strand 1:[0 189572][4024768 4215605]

232 Sense
Strand 1:[0 191274][191591 191642][4024711 4215605]
 Antisense
Strand 1:[0 190763][4023918 4215605]

233 Sense
Strand 1:[0 192270][192286 192392][4023875 4215605]
 Antisense
Strand 1:[0 191155][191310 191530][4023114 4215605]

234 Sense
Strand 1:[0 192392][192591 193108][4023085 4215605]
 Antisense
Strand 1:[0 191919][192177 192458][192469 192497][4022264 4215605]

235 Sense
Strand 1:[0 193108][193247 193849][4022225 4215605]
 Antisense
Strand 1:[0 192705][193128 193246][4021463 4215605]

236 Sense
Strand 1:[0 194468][194504 194732][4021372 4215605]
 Antisense
Strand 1:[0 193656][193742 193987][4020641 4215605]

237 Sense
Strand 1:[0 195525][195740 195755][4020605 4215605]
 Antisense
Strand 1:[0 193987][194862 194931][4019832 4215605]

238 Sense
Strand 1:[0 196296][196521 196560][4019798 4215605]
 Antisense
Strand 1:[0 193987][194074 195509][195703 195783][4018988 4215605]

239 Sense
Strand 1:[0 197273][197279 197367][4018972 4215605]
 Antisense
Strand 1:[0 196132][196278 196463][196544 196581][4018162 4215605]

240 Sense
Strand 1:[0 198071][4018190 4215605]
 Antisense
Strand 1:[0 197173][197304 197364][4017359 4215605]

241 Sense
Strand 1:[0 198617][199065 199079][4017377 4215605]
 Antisense
Strand 1:[0 197837][197975 198143][4016517 4215605]

242 Sense
Strand 1:[0 199720][4016546 4215605]
 Antisense
Strand 1:[0 198920][198975 199017][4015691 4215605]

243 Sense
Strand 1:[0 200499][4015768 4215605]
 Antisense
Strand 1:[0 199017][199164 199501][199656 199748][4014860 4215605]

244 Sense
Strand 1:[0 201009][201228 201395][4014950 4215605]
 Antisense
Strand 1:[0 200426][200519 200586][4014036 4215605]

245 Sense
Strand 1:[0 201697][201884 202117][202225 202300][202321 202349][4014100 4215605]
 Antisense
Strand 1:[0 201274][4013226 4215605]

246 Sense
Strand 1:[0 202569][4013292 4215605]
 Antisense
Strand 1:[0 201886][201975 202208][4012414 4215605]

247 Sense
Strand 1:[0 203644][203729 203854][4012465 4215605]
 Antisense
Strand 1:[0 202582][202596 202875][4011641 4215605]

248 Sense
Strand 1:[0 204564][4011606 4215605]
 Antisense
Strand 1:[0 202875][203319 203824][4010822 4215605]

249 Sense
Strand 1:[0 204933][4010785 4215605]
 Antisense
Strand 1:[0 204276][204566 204732][4010004 4215605]

250 Sense
Strand 1:[0 204933][205101 206076][206330 206414][206436 206454][4009974 4215605]
 Antisense
Strand 1:[0 205391][4009143 4215605]

251 Sense
Strand 1:[0 206972][4009098 4215605]
 Antisense
Strand 1:[0 205391][205645 206301][4008290 4215605]

252 Sense
Strand 1:[0 207468][207808 207940][4008294 4215605]
 Antisense
Strand 1:[0 207056][207125 207238][4007539 4215605]

253 Sense
Strand 1:[0 208586][4007465 4215605]
 Antisense
Strand 1:[0 207375][207454 207995][4006728 4215605]

254 Sense
Strand 1:[0 208980][209427 209560][209641 209661][4006669 4215605]
 Antisense
Strand 1:[0 208224][208507 208748][4005923 4215605]

255 Sense
Strand 1:[0 210259][4005855 4215605]
 Antisense
Strand 1:[0 209248][209357 209617][4005096 4215605]

256 Sense
Strand 1:[0 211030][4005009 4215605]
 Antisense
Strand 1:[0 210081][210113 210433][210551 210573][4004266 4215605]

257 Sense
Strand 1:[0 211030][211144 211857][212149 212155][212161 212163][4004199 4215605]
 Antisense
Strand 1:[0 210743][210983 211274][4003437 4215605]

258 Sense
Strand 1:[0 212478][212505 212915][4003402 4215605]
 Antisense
Strand 1:[0 211516][211888 212045][4002567 4215605]

259 Sense
Strand 1:[0 213644][4002587 4215605]
 Antisense
Strand 1:[0 212592][4001760 4215605]

260 Sense
Strand 1:[0 214042][214332 214501][4001733 4215605]
 Antisense
Strand 1:[0 212592][212594 213364][213436 213652][4000943 4215605]

261 Sense
Strand 1:[0 215249][4000922 4215605]
 Antisense
Strand 1:[0 213652][214127 214413][214450 214625][214631 214655][4000125 4215605]

262 Sense
Strand 1:[0 216087][216219 216245][4000063 4215605]
 Antisense
Strand 1:[0 215208][215336 215432][3999328 4215605]

263 Sense
Strand 1:[0 216544][216672 216884][216887 216991][216995 217051][3999254 4215605]
 Antisense
Strand 1:[0 215432][215674 216226][3998501 4215605]

264 Sense
Strand 1:[0 217401][217475 217701][3998456 4215605]
 Antisense
Strand 1:[0 216993][217105 217125][3997700 4215605]

265 Sense
Strand 1:[0 218016][218364 218551][218556 218653][3997644 4215605]
 Antisense
Strand 1:[0 217735][217740 217847][3996848 4215605]

266 Sense
Strand 1:[0 219098][219506 219550][3996810 4215605]
 Antisense
Strand 1:[0 218379][218720 218762][3996019 4215605]

267 Sense
Strand 1:[0 220042][220169 220296][3995993 4215605]
 Antisense
Strand 1:[0 218762][219162 219380][3995180 4215605]

268 Sense
Strand 1:[0 220698][220792 221025][221074 221152][3995144 4215605]
 Antisense
Strand 1:[0 220091][220366 220413][3994380 4215605]

269 Sense
Strand 1:[0 221676][221881 221971][3994322 4215605]
 Antisense
Strand 1:[0 220888][220975 221128][221237 221261][3993529 4215605]

270 Sense
Strand 1:[0 222807][222887 222895][3993469 4215605]
 Antisense
Strand 1:[0 221396][221560 221848][3992700 4215605]

271 Sense
Strand 1:[0 223402][3992664 4215605]
 Antisense
Strand 1:[0 222791][222854 222894][3991879 4215605]

272 Sense
Strand 1:[0 224217][224411 224483][3991827 4215605]
 Antisense
Strand 1:[0 223475][223505 223658][3991040 4215605]

273 Sense
Strand 1:[0 225135][225144 225261][3990985 4215605]
 Antisense
Strand 1:[0 224203][224544 224577][3990225 4215605]

274 Sense
Strand 1:[0 225261][225374 225864][3990143 4215605]
 Antisense
Strand 1:[0 225229][225448 225456][3989438 4215605]

275 Sense
Strand 1:[0 226515][226608 226844][226920 226938][3989321 4215605]
 Antisense
Strand 1:[0 226050][226099 226234][3988647 4215605]

276 Sense
Strand 1:[0 227348][227542 227759][3988475 4215605]
 Antisense
Strand 1:[0 226633][226658 226880][227011 227062][3987801 4215605]

277 Sense
Strand 1:[0 228191][228345 228485][3987722 4215605]
 Antisense
Strand 1:[0 227583][227740 227808][227850 227865][3986978 4215605]

278 Sense
Strand 1:[0 229240][229400 229417][3986895 4215605]
 Antisense
Strand 1:[0 228415][228529 228624][228708 228710][3986174 4215605]

279 Sense
Strand 1:[0 229707][229878 230052][230126 230180][3986076 4215605]
 Antisense
Strand 1:[0 228863][3985361 4215605]

280 Sense
Strand 1:[0 230516][230669 230878][3985226 4215605]
 Antisense
Strand 1:[0 228863][229647 230176][230310 230344][3984504 4215605]

281 Sense
Strand 1:[0 231276][231780 231891][3984419 4215605]
 Antisense
Strand 1:[0 230840][230922 231063][3983672 4215605]

282 Sense
Strand 1:[0 232529][232661 232703][3983573 4215605]
 Antisense
Strand 1:[0 231717][231875 231948][3982864 4215605]

283 Sense
Strand 1:[0 232940][233082 233410][233570 233571][3982770 4215605]
 Antisense
Strand 1:[0 232512][232620 232737][3982031 4215605]

284 Sense
Strand 1:[0 234180][3981922 4215605]
 Antisense
Strand 1:[0 233486][233502 233628][3981236 4215605]

285 Sense
Strand 1:[0 234180][234244 234971][235122 235166][3981116 4215605]
 Antisense
Strand 1:[0 234355][3980397 4215605]

286 Sense
Strand 1:[0 235754][3980316 4215605]
 Antisense
Strand 1:[0 234355][234620 234950][235102 235196][3979562 4215605]

287 Sense
Strand 1:[0 236623][3979467 4215605]
 Antisense
Strand 1:[0 235718][235773 236007][3978716 4215605]

288 Sense
Strand 1:[0 237304][237326 237536][3978663 4215605]
 Antisense
Strand 1:[0 236677][236701 236817][3977881 4215605]

289 Sense
Strand 1:[0 238220][3977831 4215605]
 Antisense
Strand 1:[0 237245][237283 237536][237610 237752][3977058 4215605]

290 Sense
Strand 1:[0 239165][239345 239354][239366 239366][3977022 4215605]
 Antisense
Strand 1:[0 238242][3976239 4215605]

291 Sense
Strand 1:[0 239779][240034 240109][240112 240146][3976188 4215605]
 Antisense
Strand 1:[0 238905][239261 239333][239367 239388][3975415 4215605]

292 Sense
Strand 1:[0 240892][3975374 4215605]
 Antisense
Strand 1:[0 239905][3974591 4215605]

293 Sense
Strand 1:[0 241514][241542 241741][3974564 4215605]
 Antisense
Strand 1:[0 240673][3973781 4215605]

294 Sense
Strand 1:[0 242371][3973744 4215605]
 Antisense
Strand 1:[0 241140][241443 241646][241813 241833][3972989 4215605]

295 Sense
Strand 1:[0 242880][243363 243424][3972954 4215605]
 Antisense
Strand 1:[0 242015][242230 242499][242603 242628][3972163 4215605]

296 Sense
Strand 1:[0 244062][3972141 4215605]
 Antisense
Strand 1:[0 243158][243332 243398][3971307 4215605]

297 Sense
Strand 1:[0 244769][244913 245019][3971324 4215605]
 Antisense
Strand 1:[0 243398][243667 243992][3970473 4215605]

298 Sense
Strand 1:[0 245357][245617 245785][245846 245929][3970522 4215605]
 Antisense
Strand 1:[0 243992][244126 245018][3969640 4215605]

299 Sense
Strand 1:[0 246123][246545 246712][246778 246785][3969721 4215605]
 Antisense
Strand 1:[0 245716][3968813 4215605]

300 Sense
Strand 1:[0 247449][3968895 4215605]
 Antisense
Strand 1:[0 246621][246697 246704][246711 246711][3968029 4215605]

301 Sense
Strand 1:[0 248030][248329 248351][3968101 4215605]
 Antisense
Strand 1:[0 246843][247000 247257][3967240 4215605]

302 Sense
Strand 1:[0 249109][249145 249165][3967279 4215605]
 Antisense
Strand 1:[0 247257][247412 248007][3966417 4215605]

303 Sense
Strand 1:[0 249776][249838 249949][250012 250015][3966467 4215605]
 Antisense
Strand 1:[0 248573][3965587 4215605]

304 Sense
Strand 1:[0 250315][250319 250700][3965688 4215605]
 Antisense
Strand 1:[0 248573][248598 249613][3964776 4215605]

305 Sense
Strand 1:[0 251436][251597 251617][3964917 4215605]
 Antisense
Strand 1:[0 250386][250648 250669][3963966 4215605]

306 Sense
Strand 1:[0 252107][252135 252302][3964118 4215605]
 Antisense
Strand 1:[0 250669][251066 251302][251365 251430][3963177 4215605]

307 Sense
Strand 1:[0 253012][3963275 4215605]
 Antisense
Strand 1:[0 251903][3962347 4215605]

308 Sense
Strand 1:[0 253852][3962445 4215605]
 Antisense
Strand 1:[0 252738][252912 253071][3961512 4215605]

309 Sense
Strand 1:[0 254714][3961640 4215605]
 Antisense
Strand 1:[0 253291][253422 253807][3960707 4215605]

310 Sense
Strand 1:[0 255471][255478 255597][3960813 4215605]
 Antisense
Strand 1:[0 254443][254619 254699][254759 254774][3959893 4215605]

311 Sense
Strand 1:[0 256309][3960018 4215605]
 Antisense
Strand 1:[0 255186][255353 255494][3959057 4215605]

312 Sense
Strand 1:[0 257257][3959214 4215605]
 Antisense
Strand 1:[0 255971][256091 256305][3958232 4215605]

313 Sense
Strand 1:[0 257969][258180 258214][3958386 4215605]
 Antisense
Strand 1:[0 256847][3957362 4215605]

314 Sense
Strand 1:[0 258632][258704 258895][3957604 4215605]
 Antisense
Strand 1:[0 256847][256869 257751][257866 257946][3956545 4215605]

315 Sense
Strand 1:[0 259724][259847 259855][3956769 4215605]
 Antisense
Strand 1:[0 258161][258315 258626][3955732 4215605]

316 Sense
Strand 1:[0 260078][3955939 4215605]
 Antisense
Strand 1:[0 259123][259142 259511][259545 259605][3954922 4215605]

317 Sense
Strand 1:[0 260078][260382 260974][261235 261356][3955145 4215605]
 Antisense
Strand 1:[0 260141][260350 260402][3954105 4215605]

318 Sense
Strand 1:[0 261845][262067 262262][3954365 4215605]
 Antisense
Strand 1:[0 261067][3953280 4215605]

319 Sense
Strand 1:[0 262672][263040 263084][3953521 4215605]
 Antisense
Strand 1:[0 261067][261450 261954][261972 262033][3952480 4215605]

320 Sense
Strand 1:[0 263848][3952763 4215605]
 Antisense
Strand 1:[0 262386][262418 262632][3951645 4215605]

321 Sense
Strand 1:[0 264385][264677 264705][264736 264738][3951942 4215605]
 Antisense
Strand 1:[0 263448][263520 263591][3950866 4215605]

322 Sense
Strand 1:[0 265255][3951149 4215605]
 Antisense
Strand 1:[0 264048][3950099 4215605]

323 Sense
Strand 1:[0 265772][266190 266279][3950337 4215605]
 Antisense
Strand 1:[0 264934][265184 265229][3949250 4215605]

324 Sense
Strand 1:[0 267078][3949516 4215605]
 Antisense
Strand 1:[0 265938][3948388 4215605]

325 Sense
Strand 1:[0 267703][267882 267958][3948650 4215605]
 Antisense
Strand 1:[0 266525][266557 266813][3947567 4215605]

326 Sense
Strand 1:[0 268822][3947816 4215605]
 Antisense
Strand 1:[0 267271][267406 267588][3946708 4215605]

327 Sense
Strand 1:[0 269365][269641 269667][3947026 4215605]
 Antisense
Strand 1:[0 268339][268345 268511][3945903 4215605]

328 Sense
Strand 1:[0 270341][3946251 4215605]
 Antisense
Strand 1:[0 268923][268985 269177][269275 269316][3945075 4215605]

329 Sense
Strand 1:[0 270672][271138 271311][3945406 4215605]
 Antisense
Strand 1:[0 269843][3944234 4215605]

330 Sense
Strand 1:[0 272073][272162 272186][3944597 4215605]
 Antisense
Strand 1:[0 269843][270012 270636][3943391 4215605]

331 Sense
Strand 1:[0 272871][3943799 4215605]
 Antisense
Strand 1:[0 271142][271306 271561][271722 271764][3942587 4215605]

332 Sense
Strand 1:[0 273308][273351 273690][273800 273804][3942976 4215605]
 Antisense
Strand 1:[0 271834][272580 272602][3941795 4215605]

333 Sense
Strand 1:[0 274258][274331 274498][3942188 4215605]
 Antisense
Strand 1:[0 273061][273251 273347][3940955 4215605]

334 Sense
Strand 1:[0 275319][275381 275421][3941404 4215605]
 Antisense
Strand 1:[0 273575][274082 274136][3940138 4215605]

335 Sense
Strand 1:[0 275668][275928 276140][3940555 4215605]
 Antisense
Strand 1:[0 274619][274701 274878][274912 274975][3939339 4215605]

336 Sense
Strand 1:[0 276912][3939756 4215605]
 Antisense
Strand 1:[0 275525][3938515 4215605]

337 Sense
Strand 1:[0 277220][277458 277689][277750 277849][3938895 4215605]
 Antisense
Strand 1:[0 276421][3937665 4215605]

338 Sense
Strand 1:[0 278477][278513 278652][278714 278743][278756 278772][3938073 4215605]
 Antisense
Strand 1:[0 277164][3936822 4215605]

339 Sense
Strand 1:[0 278938][279244 279417][3937254 4215605]
 Antisense
Strand 1:[0 277164][277291 277808][277988 278172][3936009 4215605]

340 Sense
Strand 1:[0 279977][280339 280347][3936461 4215605]
 Antisense
Strand 1:[0 279053][3935247 4215605]

341 Sense
Strand 1:[0 280683][3935635 4215605]
 Antisense
Strand 1:[0 279349][279412 279669][279837 279909][3934432 4215605]

342 Sense
Strand 1:[0 281511][281790 281886][281905 281939][3934831 4215605]
 Antisense
Strand 1:[0 280575][3933623 4215605]

343 Sense
Strand 1:[0 282454][282461 282787][3934036 4215605]
 Antisense
Strand 1:[0 281223][3932743 4215605]

344 Sense
Strand 1:[0 282871][283175 283407][3933236 4215605]
 Antisense
Strand 1:[0 282082][282169 282299][282320 282348][3931957 4215605]

345 Sense
Strand 1:[0 284252][3932428 4215605]
 Antisense
Strand 1:[0 282882][283076 283130][3931114 4215605]

346 Sense
Strand 1:[0 285049][285100 285301][3931591 4215605]
 Antisense
Strand 1:[0 283130][283335 283781][283908 283957][3930258 4215605]

347 Sense
Strand 1:[0 285982][3930823 4215605]
 Antisense
Strand 1:[0 284499][284752 284768][3929449 4215605]

348 Sense
Strand 1:[0 286806][3929990 4215605]
 Antisense
Strand 1:[0 284982][285271 285430][3928601 4215605]

349 Sense
Strand 1:[0 287125][287189 287487][287555 287672][287731 287765][3929161 4215605]
 Antisense
Strand 1:[0 286202][286282 286355][3927803 4215605]

350 Sense
Strand 1:[0 288059][288156 288371][3928327 4215605]
 Antisense
Strand 1:[0 286797][287075 287177][287227 287254][3927011 4215605]

351 Sense
Strand 1:[0 289136][3927497 4215605]
 Antisense
Strand 1:[0 287847][288014 288053][3926225 4215605]

352 Sense
Strand 1:[0 289795][289993 290118][3926680 4215605]
 Antisense
Strand 1:[0 288761][3925422 4215605]

353 Sense
Strand 1:[0 290400][290548 290760][290851 290918][3925889 4215605]
 Antisense
Strand 1:[0 289389][3924631 4215605]

354 Sense
Strand 1:[0 290918][291034 291565][291706 291731][3925065 4215605]
 Antisense
Strand 1:[0 289920][290030 290411][3923855 4215605]

355 Sense
Strand 1:[0 292100][292121 292395][292424 292554][3924290 4215605]
 Antisense
Strand 1:[0 290834][291237 291272][3922984 4215605]

356 Sense
Strand 1:[0 293187][3923478 4215605]
 Antisense
Strand 1:[0 291861][3922214 4215605]

357 Sense
Strand 1:[0 293768][294099 294172][294235 294244][3922628 4215605]
 Antisense
Strand 1:[0 292737][3921357 4215605]

358 Sense
Strand 1:[0 294876][3921809 4215605]
 Antisense
Strand 1:[0 293321][293456 293721][293786 293792][3920559 4215605]

359 Sense
Strand 1:[0 295569][3921004 4215605]
 Antisense
Strand 1:[0 293975][294055 294371][294431 294515][3919748 4215605]

360 Sense
Strand 1:[0 296279][296422 296538][296587 296630][3920214 4215605]
 Antisense
Strand 1:[0 295165][3918927 4215605]

361 Sense
Strand 1:[0 297134][297425 297476][3919399 4215605]
 Antisense
Strand 1:[0 295950][296008 296096][3918070 4215605]

362 Sense
Strand 1:[0 298278][3918563 4215605]
 Antisense
Strand 1:[0 296698][3917241 4215605]

363 Sense
Strand 1:[0 298707][298851 298992][3917763 4215605]
 Antisense
Strand 1:[0 297121][297366 297711][3916448 4215605]

364 Sense
Strand 1:[0 299746][3916919 4215605]
 Antisense
Strand 1:[0 298464][3915677 4215605]

365 Sense
Strand 1:[0 300553][300684 300708][3916102 4215605]
 Antisense
Strand 1:[0 299449][3914862 4215605]

366 Sense
Strand 1:[0 300963][301152 301356][3915282 4215605]
 Antisense
Strand 1:[0 299928][299999 300231][300243 300281][3914045 4215605]

367 Sense
Strand 1:[0 301764][301903 302146][302357 302367][3914496 4215605]
 Antisense
Strand 1:[0 300867][3913221 4215605]

368 Sense
Strand 1:[0 302728][3913680 4215605]
 Antisense
Strand 1:[0 301449][301853 301889][3912432 4215605]

369 Sense
Strand 1:[0 303315][303792 303886][3912856 4215605]
 Antisense
Strand 1:[0 302466][302583 302676][3911642 4215605]

370 Sense
Strand 1:[0 304577][304587 304676][3912015 4215605]
 Antisense
Strand 1:[0 302799][303467 303520][3910841 4215605]

371 Sense
Strand 1:[0 305261][3911203 4215605]
 Antisense
Strand 1:[0 304047][304287 304347][3910035 4215605]

372 Sense
Strand 1:[0 306132][306284 306343][3910381 4215605]
 Antisense
Strand 1:[0 305033][3909214 4215605]

373 Sense
Strand 1:[0 307031][3909578 4215605]
 Antisense
Strand 1:[0 305391][305719 305872][3908388 4215605]

374 Sense
Strand 1:[0 307031][307103 307574][307834 307927][3908784 4215605]
 Antisense
Strand 1:[0 306660][3907585 4215605]

375 Sense
Strand 1:[0 308092][308405 308635][308708 308817][3907938 4215605]
 Antisense
Strand 1:[0 307184][3906747 4215605]

376 Sense
Strand 1:[0 309229][3907160 4215605]
 Antisense
Strand 1:[0 307184][307226 307839][307959 308206][308322 308385][3905955 4215605]

377 Sense
Strand 1:[0 309831][310315 310390][310406 310431][3906339 4215605]
 Antisense
Strand 1:[0 309016][309047 309148][3905144 4215605]

378 Sense
Strand 1:[0 311010][3905532 4215605]
 Antisense
Strand 1:[0 309952][309974 310021][3904322 4215605]

379 Sense
Strand 1:[0 311680][311990 312062][3904706 4215605]
 Antisense
Strand 1:[0 310728][310784 310845][3903495 4215605]

380 Sense
Strand 1:[0 312544][312686 312823][3903885 4215605]
 Antisense
Strand 1:[0 311443][3902664 4215605]

381 Sense
Strand 1:[0 313092][313138 313426][3903086 4215605]
 Antisense
Strand 1:[0 312142][312496 312511][3901846 4215605]

382 Sense
Strand 1:[0 314369][3902244 4215605]
 Antisense
Strand 1:[0 313009][313197 313288][313361 313361][3901053 4215605]

383 Sense
Strand 1:[0 315022][315260 315313][3901400 4215605]
 Antisense
Strand 1:[0 313944][314025 314112][3900233 4215605]

384 Sense
Strand 1:[0 315758][316134 316165][316169 316181][3900595 4215605]
 Antisense
Strand 1:[0 314660][3899418 4215605]

385 Sense
Strand 1:[0 316589][316768 316890][316918 316959][3899790 4215605]
 Antisense
Strand 1:[0 315689][3898612 4215605]

386 Sense
Strand 1:[0 317453][317564 317724][3899012 4215605]
 Antisense
Strand 1:[0 316112][3897783 4215605]

387 Sense
Strand 1:[0 318199][318309 318450][318603 318604][3898156 4215605]
 Antisense
Strand 1:[0 316852][317224 317351][317441 317446][3897002 4215605]

388 Sense
Strand 1:[0 318891][318959 319272][319354 319375][3897329 4215605]
 Antisense
Strand 1:[0 317847][3896212 4215605]

389 Sense
Strand 1:[0 319892][3896501 4215605]
 Antisense
Strand 1:[0 318609][318635 318862][318929 319020][3895423 4215605]

390 Sense
Strand 1:[0 320768][3895717 4215605]
 Antisense
Strand 1:[0 319625][319851 319868][3894625 4215605]

391 Sense
Strand 1:[0 321177][321193 321502][321591 321697][3894926 4215605]
 Antisense
Strand 1:[0 320392][320607 320649][3893793 4215605]

392 Sense
Strand 1:[0 322227][3894123 4215605]
 Antisense
Strand 1:[0 320924][321117 321371][3892992 4215605]

393 Sense
Strand 1:[0 322807][3893342 4215605]
 Antisense
Strand 1:[0 321867][321950 322117][3892217 4215605]

394 Sense
Strand 1:[0 323511][323546 323855][323958 324069][3892591 4215605]
 Antisense
Strand 1:[0 322901][3891403 4215605]

395 Sense
Strand 1:[0 324662][324687 324839][324920 324958][3891785 4215605]
 Antisense
Strand 1:[0 323453][3890606 4215605]

396 Sense
Strand 1:[0 325536][325659 325747][3890980 4215605]
 Antisense
Strand 1:[0 324285][3889782 4215605]

397 Sense
Strand 1:[0 325827][326162 326382][326435 326537][3890173 4215605]
 Antisense
Strand 1:[0 325208][3888953 4215605]

398 Sense
Strand 1:[0 326982][3889358 4215605]
 Antisense
Strand 1:[0 325787][325946 326089][326097 326171][326194 326219][3888136 4215605]

399 Sense
Strand 1:[0 327672][327936 328231][3888566 4215605]
 Antisense
Strand 1:[0 326658][326885 326963][3887332 4215605]

400 Sense
Strand 1:[0 328465][328557 328926][328965 329021][3887757 4215605]
 Antisense
Strand 1:[0 327669][3886514 4215605]

401 Sense
Strand 1:[0 329307][329402 329648][3886951 4215605]
 Antisense
Strand 1:[0 328194][328576 328616][3885704 4215605]

402 Sense
Strand 1:[0 330034][330124 330550][330624 330661][3886153 4215605]
 Antisense
Strand 1:[0 328616][328971 329333][3884909 4215605]

403 Sense
Strand 1:[0 331150][331495 331502][3885357 4215605]
 Antisense
Strand 1:[0 329790][329826 330042][3884089 4215605]

404 Sense
Strand 1:[0 332096][3884588 4215605]
 Antisense
Strand 1:[0 330459][330559 330866][330982 331002][3883284 4215605]

405 Sense
Strand 1:[0 332491][332592 332844][3883749 4215605]
 Antisense
Strand 1:[0 331446][331555 331750][331843 331849][3882517 4215605]

406 Sense
Strand 1:[0 333580][3882952 4215605]
 Antisense
Strand 1:[0 332227][3881687 4215605]

407 Sense
Strand 1:[0 334502][3882145 4215605]
 Antisense
Strand 1:[0 333096][3880843 4215605]

408 Sense
Strand 1:[0 334502][334570 335216][335246 335389][3881340 4215605]
 Antisense
Strand 1:[0 333704][333932 334091][334201 334242][3880076 4215605]

409 Sense
Strand 1:[0 335777][336286 336302][3880564 4215605]
 Antisense
Strand 1:[0 334587][3879276 4215605]

410 Sense
Strand 1:[0 336460][336538 336829][336925 337028][3879740 4215605]
 Antisense
Strand 1:[0 335726][335729 335796][3878463 4215605]

411 Sense
Strand 1:[0 337358][337485 337712][3878965 4215605]
 Antisense
Strand 1:[0 336098][336192 336428][3877647 4215605]

412 Sense
Strand 1:[0 338166][338289 338600][338694 338718][3878146 4215605]
 Antisense
Strand 1:[0 337145][337231 337353][337436 337449][3876863 4215605]

413 Sense
Strand 1:[0 339452][3877342 4215605]
 Antisense
Strand 1:[0 337558][337969 338157][338238 338251][3876037 4215605]

414 Sense
Strand 1:[0 340288][340295 340338][3876516 4215605]
 Antisense
Strand 1:[0 338946][3875220 4215605]

415 Sense
Strand 1:[0 340512][341185 341187][3875692 4215605]
 Antisense
Strand 1:[0 339317][339430 339678][339706 339804][339859 339886][339898 339905][3874413 4215605]

416 Sense
Strand 1:[0 341893][3874877 4215605]
 Antisense
Strand 1:[0 340387][340496 340621][3873573 4215605]

417 Sense
Strand 1:[0 342481][3874073 4215605]
 Antisense
Strand 1:[0 341079][341189 341454][3872782 4215605]

418 Sense
Strand 1:[0 342941][342948 343609][3873239 4215605]
 Antisense
Strand 1:[0 342088][342162 342264][3871976 4215605]

419 Sense
Strand 1:[0 344133][3872462 4215605]
 Antisense
Strand 1:[0 342918][342943 343051][343111 343126][3871174 4215605]

420 Sense
Strand 1:[0 345013][345141 345184][3871633 4215605]
 Antisense
Strand 1:[0 343126][343716 343849][3870371 4215605]

421 Sense
Strand 1:[0 345615][345761 345950][3870808 4215605]
 Antisense
Strand 1:[0 344318][3869551 4215605]

422 Sense
Strand 1:[0 346365][346649 346746][3870005 4215605]
 Antisense
Strand 1:[0 345096][345164 345365][345500 345573][3868767 4215605]

423 Sense
Strand 1:[0 347404][347503 347583][3869218 4215605]
 Antisense
Strand 1:[0 346121][3867939 4215605]

424 Sense
Strand 1:[0 348218][3868450 4215605]
 Antisense
Strand 1:[0 346789][346870 347075][3867085 4215605]

425 Sense
Strand 1:[0 349154][3867669 4215605]
 Antisense
Strand 1:[0 347417][347704 347833][3866287 4215605]

426 Sense
Strand 1:[0 349652][349855 349992][3866851 4215605]
 Antisense
Strand 1:[0 348461][348737 348747][3865473 4215605]

427 Sense
Strand 1:[0 350763][3866011 4215605]
 Antisense
Strand 1:[0 349305][349369 349483][3864644 4215605]

428 Sense
Strand 1:[0 351435][3865168 4215605]
 Antisense
Strand 1:[0 350084][350095 350307][3863857 4215605]

429 Sense
Strand 1:[0 352408][3864329 4215605]
 Antisense
Strand 1:[0 350307][350821 351053][351253 351265][3863035 4215605]

430 Sense
Strand 1:[0 353192][3863499 4215605]
 Antisense
Strand 1:[0 351491][351873 351994][3862198 4215605]

431 Sense
Strand 1:[0 353996][3862702 4215605]
 Antisense
Strand 1:[0 352743][352833 352863][3861368 4215605]

432 Sense
Strand 1:[0 353996][354531 354796][3861884 4215605]
 Antisense
Strand 1:[0 352863][352921 353602][353678 353694][3860559 4215605]

433 Sense
Strand 1:[0 355610][3861094 4215605]
 Antisense
Strand 1:[0 353694][353743 354121][354309 354425][354438 354476][3859747 4215605]

434 Sense
Strand 1:[0 356349][356427 356537][3860328 4215605]
 Antisense
Strand 1:[0 355111][355161 355218][3858968 4215605]

435 Sense
Strand 1:[0 357358][3859526 4215605]
 Antisense
Strand 1:[0 355640][355844 355966][356006 356039][3858148 4215605]

436 Sense
Strand 1:[0 357801][358149 358193][3858704 4215605]
 Antisense
Strand 1:[0 356676][3857364 4215605]

437 Sense
Strand 1:[0 358473][358506 358894][358972 359000][3857879 4215605]
 Antisense
Strand 1:[0 357360][3856578 4215605]

438 Sense
Strand 1:[0 359583][359671 359784][3857067 4215605]
 Antisense
Strand 1:[0 358071][3855777 4215605]

439 Sense
Strand 1:[0 360425][360634 360645][3856276 4215605]
 Antisense
Strand 1:[0 358071][358317 359163][3854953 4215605]

440 Sense
Strand 1:[0 361142][361156 361307][3855438 4215605]
 Antisense
Strand 1:[0 359716][359984 360064][3854144 4215605]

441 Sense
Strand 1:[0 362080][3854614 4215605]
 Antisense
Strand 1:[0 360192][360241 360621][3853335 4215605]

442 Sense
Strand 1:[0 362744][362816 362944][363012 363034][3853785 4215605]
 Antisense
Strand 1:[0 361458][3852558 4215605]

443 Sense
Strand 1:[0 363401][363616 363747][3852995 4215605]
 Antisense
Strand 1:[0 361458][362052 362327][3851763 4215605]

444 Sense
Strand 1:[0 364374][364562 364624][364650 364666][3852186 4215605]
 Antisense
Strand 1:[0 362936][363146 363293][363332 363370][3850920 4215605]

445 Sense
Strand 1:[0 364666][364764 365240][365430 365455][3851379 4215605]
 Antisense
Strand 1:[0 363853][3850110 4215605]

446 Sense
Strand 1:[0 366109][3850531 4215605]
 Antisense
Strand 1:[0 364394][3849283 4215605]

447 Sense
Strand 1:[0 366109][366121 366783][3849725 4215605]
 Antisense
Strand 1:[0 364394][364473 365345][365547 365723][3848557 4215605]

448 Sense
Strand 1:[0 367578][367635 367744][3848932 4215605]
 Antisense
Strand 1:[0 366429][366471 366568][3847746 4215605]

449 Sense
Strand 1:[0 367927][3848102 4215605]
 Antisense
Strand 1:[0 367275][367349 367428][3846959 4215605]

450 Sense
Strand 1:[0 367927][368253 369242][3847347 4215605]
 Antisense
Strand 1:[0 367915][368217 368238][3846120 4215605]

451 Sense
Strand 1:[0 369816][3846558 4215605]
 Antisense
Strand 1:[0 368771][368912 368981][369013 369029][3845287 4215605]

452 Sense
Strand 1:[0 370432][370770 371050][371085 371092][3845762 4215605]
 Antisense
Strand 1:[0 369387][369428 369636][3844504 4215605]

453 Sense
Strand 1:[0 371699][371717 371805][3844955 4215605]
 Antisense
Strand 1:[0 370341][3843712 4215605]

454 Sense
Strand 1:[0 371981][372190 372443][372524 372601][3844184 4215605]
 Antisense
Strand 1:[0 371229][3842921 4215605]

455 Sense
Strand 1:[0 373316][373367 373415][3843371 4215605]
 Antisense
Strand 1:[0 372139][3842146 4215605]

456 Sense
Strand 1:[0 373587][373948 374143][374237 374240][3842607 4215605]
 Antisense
Strand 1:[0 372634][372972 372988][3841365 4215605]

457 Sense
Strand 1:[0 374535][375020 375043][3841800 4215605]
 Antisense
Strand 1:[0 373766][3840540 4215605]

458 Sense
Strand 1:[0 375464][375545 375690][3841016 4215605]
 Antisense
Strand 1:[0 374486][3839740 4215605]

459 Sense
Strand 1:[0 376293][376551 376601][376604 376634][3840218 4215605]
 Antisense
Strand 1:[0 374756][374963 375235][375318 375347][3838953 4215605]

460 Sense
Strand 1:[0 376735][376754 377183][377419 377439][3839390 4215605]
 Antisense
Strand 1:[0 375659][375718 375952][376086 376146][3838142 4215605]

461 Sense
Strand 1:[0 378003][3838563 4215605]
 Antisense
Strand 1:[0 376613][376710 376861][377012 377034][3837344 4215605]

462 Sense
Strand 1:[0 378716][3837773 4215605]
 Antisense
Strand 1:[0 377308][377315 377654][377766 377800][3836558 4215605]

463 Sense
Strand 1:[0 379624][379651 379741][379763 379804][3837004 4215605]
 Antisense
Strand 1:[0 378101][378182 378399][3835758 4215605]

464 Sense
Strand 1:[0 380583][3836175 4215605]
 Antisense
Strand 1:[0 378870][379050 379339][3834951 4215605]

465 Sense
Strand 1:[0 380961][381133 381303][381326 381403][381411 381446][3835391 4215605]
 Antisense
Strand 1:[0 379806][379869 380040][380088 380137][3834112 4215605]

466 Sense
Strand 1:[0 381858][381877 382082][382114 382207][3834589 4215605]
 Antisense
Strand 1:[0 380829][3833313 4215605]

467 Sense
Strand 1:[0 382207][382279 382843][383093 383134][3833762 4215605]
 Antisense
Strand 1:[0 381166][3832456 4215605]

468 Sense
Strand 1:[0 383600][3832955 4215605]
 Antisense
Strand 1:[0 381166][381223 382057][382195 382426][3831659 4215605]

469 Sense
Strand 1:[0 384362][3832139 4215605]
 Antisense
Strand 1:[0 382912][383257 383357][3830844 4215605]

470 Sense
Strand 1:[0 384362][384644 385189][385256 385398][3831300 4215605]
 Antisense
Strand 1:[0 384073][384305 384305][3830054 4215605]

471 Sense
Strand 1:[0 386174][3830510 4215605]
 Antisense
Strand 1:[0 384305][384632 384925][3829296 4215605]

472 Sense
Strand 1:[0 386911][3829688 4215605]
 Antisense
Strand 1:[0 385169][385232 385684][3828499 4215605]

473 Sense
Strand 1:[0 387539][3828885 4215605]
 Antisense
Strand 1:[0 385684][386028 386486][3827673 4215605]

474 Sense
Strand 1:[0 388617][3828052 4215605]
 Antisense
Strand 1:[0 387231][387369 387490][3826853 4215605]

475 Sense
Strand 1:[0 389432][3827266 4215605]
 Antisense
Strand 1:[0 387976][3826006 4215605]

476 Sense
Strand 1:[0 390205][390392 390396][3826458 4215605]
 Antisense
Strand 1:[0 388718][388857 388998][3825208 4215605]

477 Sense
Strand 1:[0 390861][3825656 4215605]
 Antisense
Strand 1:[0 389616][389651 389796][3824456 4215605]

478 Sense
Strand 1:[0 391338][391399 391916][3824769 4215605]
 Antisense
Strand 1:[0 390050][390267 390541][3823638 4215605]

479 Sense
Strand 1:[0 392496][392540 392699][392748 392756][3823985 4215605]
 Antisense
Strand 1:[0 391373][391432 391524][3822841 4215605]

480 Sense
Strand 1:[0 393139][393190 393375][3823184 4215605]
 Antisense
Strand 1:[0 392040][392065 392261][3822030 4215605]

481 Sense
Strand 1:[0 394130][3822385 4215605]
 Antisense
Strand 1:[0 393042][3821234 4215605]

482 Sense
Strand 1:[0 394378][394505 394963][395139 395158][3821600 4215605]
 Antisense
Strand 1:[0 393949][3820436 4215605]

483 Sense
Strand 1:[0 395660][395741 395860][3820767 4215605]
 Antisense
Strand 1:[0 394635][3819641 4215605]

484 Sense
Strand 1:[0 396399][3819949 4215605]
 Antisense
Strand 1:[0 394635][395210 395428][395583 395619][3818850 4215605]

485 Sense
Strand 1:[0 396399][396502 397006][397330 397447][397538 397540][3819115 4215605]
 Antisense
Strand 1:[0 396028][396284 396383][396476 396484][3818062 4215605]

486 Sense
Strand 1:[0 397857][398065 398208][3818301 4215605]
 Antisense
Strand 1:[0 396612][396922 397116][3817233 4215605]

487 Sense
Strand 1:[0 398955][3817440 4215605]
 Antisense
Strand 1:[0 397116][397348 397934][3816438 4215605]

488 Sense
Strand 1:[0 399383][399432 399707][399803 399901][3816641 4215605]
 Antisense
Strand 1:[0 398678][398896 398930][398941 398953][3815605 4215605]

489 Sense
Strand 1:[0 400200][400695 400749][3815793 4215605]
 Antisense
Strand 1:[0 399242][399505 399654][3814792 4215605]

490 Sense
Strand 1:[0 401204][401206 401408][3814964 4215605]
 Antisense
Strand 1:[0 399654][400238 400463][3813979 4215605]

491 Sense
Strand 1:[0 402156][402307 402353][402385 402389][3814175 4215605]
 Antisense
Strand 1:[0 401072][401131 401280][3813212 4215605]

492 Sense
Strand 1:[0 402939][403107 403152][3813375 4215605]
 Antisense
Strand 1:[0 402124][402182 402205][3812417 4215605]

493 Sense
Strand 1:[0 403453][403524 403841][3812572 4215605]
 Antisense
Strand 1:[0 402780][402980 403012][3811593 4215605]

494 Sense
Strand 1:[0 404508][404593 404700][3811751 4215605]
 Antisense
Strand 1:[0 403569][403592 403789][3810797 4215605]

495 Sense
Strand 1:[0 405212][405537 405575][3810964 4215605]
 Antisense
Strand 1:[0 404343][404419 404605][3809988 4215605]

496 Sense
Strand 1:[0 406032][3810189 4215605]
 Antisense
Strand 1:[0 405337][3809217 4215605]

497 Sense
Strand 1:[0 406032][406074 406878][406884 407049][407056 407124][3809428 4215605]
 Antisense
Strand 1:[0 405748][3808408 4215605]

498 Sense
Strand 1:[0 407124][407434 407804][407863 407939][3808626 4215605]
 Antisense
Strand 1:[0 406297][406372 406750][406862 406921][3807593 4215605]

499 Sense
Strand 1:[0 407939][408199 408528][3807833 4215605]
 Antisense
Strand 1:[0 407683][407732 407752][3806761 4215605]

500 Sense
Strand 1:[0 408528][409293 409494][3807026 4215605]
 Antisense
Strand 1:[0 408251][3805998 4215605]

501 Sense
Strand 1:[0 409750][410340 410380][3806254 4215605]
 Antisense
Strand 1:[0 409032][3805192 4215605]

502 Sense
Strand 1:[0 410855][410979 411107][411196 411216][3805437 4215605]
 Antisense
Strand 1:[0 409407][409890 410076][410169 410169][3804367 4215605]

503 Sense
Strand 1:[0 411826][3804636 4215605]
 Antisense
Strand 1:[0 410169][410446 410856][3803549 4215605]

504 Sense
Strand 1:[0 411826][412125 412546][412644 412748][3803819 4215605]
 Antisense
Strand 1:[0 411280][411334 411598][3802742 4215605]

505 Sense
Strand 1:[0 413329][413481 413581][3803036 4215605]
 Antisense
Strand 1:[0 412317][412518 412547][3801924 4215605]

506 Sense
Strand 1:[0 414192][3802274 4215605]
 Antisense
Strand 1:[0 412963][413211 413264][3801153 4215605]

507 Sense
Strand 1:[0 414678][414710 415041][3801470 4215605]
 Antisense
Strand 1:[0 413570][413608 413873][3800336 4215605]

508 Sense
Strand 1:[0 415343][415369 415804][415887 415984][3800655 4215605]
 Antisense
Strand 1:[0 414216][414553 414773][3799535 4215605]

509 Sense
Strand 1:[0 416413][416505 416680][3799876 4215605]
 Antisense
Strand 1:[0 414773][414935 415332][415386 415565][3798733 4215605]

510 Sense
Strand 1:[0 416680][416733 417487][417581 417639][3799104 4215605]
 Antisense
Strand 1:[0 415902][416278 416389][3797893 4215605]

511 Sense
Strand 1:[0 418307][418373 418441][3798289 4215605]
 Antisense
Strand 1:[0 416810][3797108 4215605]

512 Sense
Strand 1:[0 418771][419052 419219][3797483 4215605]
 Antisense
Strand 1:[0 417857][417995 418056][3796338 4215605]

513 Sense
Strand 1:[0 419457][419763 419913][419979 420041][3796662 4215605]
 Antisense
Strand 1:[0 418552][418601 418774][3795531 4215605]

514 Sense
Strand 1:[0 420041][420137 420516][420684 420787][3795845 4215605]
 Antisense
Strand 1:[0 419522][3794707 4215605]

515 Sense
Strand 1:[0 421462][3795040 4215605]
 Antisense
Strand 1:[0 419760][419846 420217][3793900 4215605]

516 Sense
Strand 1:[0 421998][422225 422365][422371 422434][422446 422477][3794274 4215605]
 Antisense
Strand 1:[0 420217][420276 421052][421055 421210][3793102 4215605]

517 Sense
Strand 1:[0 422835][422975 423132][423189 423242][3793433 4215605]
 Antisense
Strand 1:[0 421734][3792305 4215605]

518 Sense
Strand 1:[0 423331][3792624 4215605]
 Antisense
Strand 1:[0 422896][3791488 4215605]

519 Sense
Strand 1:[0 423331][423869 424649][3791816 4215605]
 Antisense
Strand 1:[0 423200][423582 423687][3790678 4215605]

520 Sense
Strand 1:[0 425003][425285 425500][3791015 4215605]
 Antisense
Strand 1:[0 424164][424479 424534][3789860 4215605]

521 Sense
Strand 1:[0 425500][425820 426420][3790241 4215605]
 Antisense
Strand 1:[0 424990][425315 425344][425359 425361][3789065 4215605]

522 Sense
Strand 1:[0 426719][3789422 4215605]
 Antisense
Strand 1:[0 425847][3788256 4215605]

523 Sense
Strand 1:[0 426719][426871 427866][427913 428032][3788681 4215605]
 Antisense
Strand 1:[0 426745][426753 426839][3787436 4215605]

524 Sense
Strand 1:[0 428583][428602 428796][3787887 4215605]
 Antisense
Strand 1:[0 427352][427557 427638][427661 427684][3786630 4215605]

525 Sense
Strand 1:[0 429310][429670 429724][3787071 4215605]
 Antisense
Strand 1:[0 428066][428256 428396][3785821 4215605]

526 Sense
Strand 1:[0 430225][3786289 4215605]
 Antisense
Strand 1:[0 428396][428521 428910][429015 429189][3785023 4215605]

527 Sense
Strand 1:[0 431201][431301 431354][3785473 4215605]
 Antisense
Strand 1:[0 429808][430040 430110][3784208 4215605]

528 Sense
Strand 1:[0 431782][431814 432055][432063 432141][3784701 4215605]
 Antisense
Strand 1:[0 430584][3783384 4215605]

529 Sense
Strand 1:[0 432426][433022 433030][3783903 4215605]
 Antisense
Strand 1:[0 431081][431635 431665][3782570 4215605]

530 Sense
Strand 1:[0 433659][433721 433775][3783083 4215605]
 Antisense
Strand 1:[0 432241][432277 432449][3781767 4215605]

531 Sense
Strand 1:[0 434519][3782268 4215605]
 Antisense
Strand 1:[0 432856][432918 433163][3780931 4215605]

532 Sense
Strand 1:[0 434857][435210 435411][3781453 4215605]
 Antisense
Strand 1:[0 433536][434085 434117][3780092 4215605]

533 Sense
Strand 1:[0 435951][3780643 4215605]
 Antisense
Strand 1:[0 434618][3779300 4215605]

534 Sense
Strand 1:[0 436663][3779844 4215605]
 Antisense
Strand 1:[0 434618][435339 435553][3778498 4215605]

535 Sense
Strand 1:[0 437226][437235 437564][437575 437740][3779007 4215605]
 Antisense
Strand 1:[0 436327][3777693 4215605]

536 Sense
Strand 1:[0 438603][438636 438684][3778198 4215605]
 Antisense
Strand 1:[0 436850][3776868 4215605]

537 Sense
Strand 1:[0 439037][439268 439473][3777358 4215605]
 Antisense
Strand 1:[0 437804][438211 438228][3776052 4215605]

538 Sense
Strand 1:[0 440055][440153 440251][3776507 4215605]
 Antisense
Strand 1:[0 438860][439023 439065][3775271 4215605]

539 Sense
Strand 1:[0 440635][440759 440978][3775703 4215605]
 Antisense
Strand 1:[0 439065][439584 439729][3774463 4215605]

540 Sense
Strand 1:[0 441387][441849 441888][3774881 4215605]
 Antisense
Strand 1:[0 440137][440157 440586][440643 440681][3773677 4215605]

541 Sense
Strand 1:[0 442501][442519 442635][442657 442694][3774080 4215605]
 Antisense
Strand 1:[0 441322][3772883 4215605]

542 Sense
Strand 1:[0 443160][3773290 4215605]
 Antisense
Strand 1:[0 441322][441419 442168][442175 442238][3772068 4215605]

543 Sense
Strand 1:[0 444004][444253 444286][3772466 4215605]
 Antisense
Strand 1:[0 442812][442951 443047][443089 443129][3771279 4215605]

544 Sense
Strand 1:[0 444860][444943 445131][3771662 4215605]
 Antisense
Strand 1:[0 443507][3770439 4215605]

545 Sense
Strand 1:[0 445687][445799 445912][3770847 4215605]
 Antisense
Strand 1:[0 444084][444241 444502][3769652 4215605]

546 Sense
Strand 1:[0 446563][3770034 4215605]
 Antisense
Strand 1:[0 445510][3768855 4215605]

547 Sense
Strand 1:[0 447049][3769243 4215605]
 Antisense
Strand 1:[0 445570][445739 446073][446205 446286][3768100 4215605]

548 Sense
Strand 1:[0 448177][3768466 4215605]
 Antisense
Strand 1:[0 446286][446365 446796][447116 447129][3767303 4215605]

549 Sense
Strand 1:[0 448497][448997 449038][3767702 4215605]
 Antisense
Strand 1:[0 447534][447674 447863][3766516 4215605]

550 Sense
Strand 1:[0 449552][3766889 4215605]
 Antisense
Strand 1:[0 448301][448411 448554][448702 448709][3765702 4215605]

551 Sense
Strand 1:[0 450292][450345 450542][450546 450629][3766093 4215605]
 Antisense
Strand 1:[0 448968][449360 449439][3764893 4215605]

552 Sense
Strand 1:[0 451265][451299 451417][451437 451488][3765373 4215605]
 Antisense
Strand 1:[0 449590][449736 450017][450040 450141][3764057 4215605]

553 Sense
Strand 1:[0 452069][3764568 4215605]
 Antisense
Strand 1:[0 450273][450337 450677][450953 450984][3763294 4215605]

554 Sense
Strand 1:[0 452938][453050 453093][3763780 4215605]
 Antisense
Strand 1:[0 451540][451695 451760][3762464 4215605]

555 Sense
Strand 1:[0 453694][3762966 4215605]
 Antisense
Strand 1:[0 451980][452095 452481][452552 452612][3761697 4215605]

556 Sense
Strand 1:[0 454456][454483 454646][3762182 4215605]
 Antisense
Strand 1:[0 452861][453261 453348][3760851 4215605]

557 Sense
Strand 1:[0 455114][455265 455467][3761380 4215605]
 Antisense
Strand 1:[0 453760][3760014 4215605]

558 Sense
Strand 1:[0 455765][456103 456228][456311 456327][3760588 4215605]
 Antisense
Strand 1:[0 454834][3759249 4215605]

559 Sense
Strand 1:[0 456644][456890 457021][3759805 4215605]
 Antisense
Strand 1:[0 455654][455672 455736][3758492 4215605]

560 Sense
Strand 1:[0 457403][457619 457788][457852 457906][457931 457951][3759020 4215605]
 Antisense
Strand 1:[0 456494][456505 456549][3757626 4215605]

561 Sense
Strand 1:[0 458559][3758239 4215605]
 Antisense
Strand 1:[0 456956][457023 457197][457266 457322][3756821 4215605]

562 Sense
Strand 1:[0 458915][459373 459480][459485 459549][459576 459584][3757414 4215605]
 Antisense
Strand 1:[0 458002][3756003 4215605]

563 Sense
Strand 1:[0 459838][459918 460219][460230 460307][3756613 4215605]
 Antisense
Strand 1:[0 458835][3755214 4215605]

564 Sense
Strand 1:[0 460629][460631 460930][3755816 4215605]
 Antisense
Strand 1:[0 459401][459727 459755][3754441 4215605]

565 Sense
Strand 1:[0 461526][461701 461832][461930 461949][3755036 4215605]
 Antisense
Strand 1:[0 460258][460457 460513][3753634 4215605]

566 Sense
Strand 1:[0 461949][462686 462735][3754208 4215605]
 Antisense
Strand 1:[0 461176][3752828 4215605]

567 Sense
Strand 1:[0 463460][3753430 4215605]
 Antisense
Strand 1:[0 461874][462016 462100][3752036 4215605]

568 Sense
Strand 1:[0 463873][3752657 4215605]
 Antisense
Strand 1:[0 462821][3751251 4215605]

569 Sense
Strand 1:[0 463873][464340 464932][3751856 4215605]
 Antisense
Strand 1:[0 463205][463227 463599][3750427 4215605]

570 Sense
Strand 1:[0 464932][465284 465613][3751066 4215605]
 Antisense
Strand 1:[0 464020][464079 464305][464467 464505][3749648 4215605]

571 Sense
Strand 1:[0 466173][466200 466481][466530 466646][3750260 4215605]
 Antisense
Strand 1:[0 464505][465213 465279][3748830 4215605]

572 Sense
Strand 1:[0 467088][3749466 4215605]
 Antisense
Strand 1:[0 465279][465737 466050][466108 466124][3748059 4215605]

573 Sense
Strand 1:[0 467974][468179 468236][3748676 4215605]
 Antisense
Strand 1:[0 466604][466875 466899][3747315 4215605]

574 Sense
Strand 1:[0 468818][3747870 4215605]
 Antisense
Strand 1:[0 466899][467328 467538][467643 467690][3746505 4215605]

575 Sense
Strand 1:[0 469684][3747094 4215605]
 Antisense
Strand 1:[0 468032][468088 468387][3745696 4215605]

576 Sense
Strand 1:[0 470644][3746292 4215605]
 Antisense
Strand 1:[0 469139][469150 469250][3744888 4215605]

577 Sense
Strand 1:[0 470781][470858 471175][471283 471397][3745507 4215605]
 Antisense
Strand 1:[0 469703][470031 470066][3744112 4215605]

578 Sense
Strand 1:[0 471909][472188 472240][3744697 4215605]
 Antisense
Strand 1:[0 470066][470323 470704][470731 470820][3743320 4215605]

579 Sense
Strand 1:[0 472879][472902 473027][3743896 4215605]
 Antisense
Strand 1:[0 471172][471501 471623][3742545 4215605]

580 Sense
Strand 1:[0 473766][3743137 4215605]
 Antisense
Strand 1:[0 472168][472253 472410][472457 472464][3741723 4215605]

581 Sense
Strand 1:[0 474505][3742333 4215605]
 Antisense
Strand 1:[0 473120][3740951 4215605]

582 Sense
Strand 1:[0 475239][475297 475377][475475 475475][3741553 4215605]
 Antisense
Strand 1:[0 473120][473234 473817][3740131 4215605]

583 Sense
Strand 1:[0 475519][3740786 4215605]
 Antisense
Strand 1:[0 474445][474528 474682][3739326 4215605]

584 Sense
Strand 1:[0 475519][475629 476415][3739957 4215605]
 Antisense
Strand 1:[0 475004][475040 475559][475592 475624][3738524 4215605]

585 Sense
Strand 1:[0 477295][477541 477721][3739158 4215605]
 Antisense
Strand 1:[0 476164][476261 476356][476400 476420][3737682 4215605]

586 Sense
Strand 1:[0 478413][478722 478724][3738339 4215605]
 Antisense
Strand 1:[0 477168][3736881 4215605]

587 Sense
Strand 1:[0 479129][479323 479464][3737527 4215605]
 Antisense
Strand 1:[0 477777][3736097 4215605]

588 Sense
Strand 1:[0 479931][480022 480173][480243 480302][3736761 4215605]
 Antisense
Strand 1:[0 478567][3735270 4215605]

589 Sense
Strand 1:[0 480438][481134 481142][3735933 4215605]
 Antisense
Strand 1:[0 479250][479493 479567][3734450 4215605]

590 Sense
Strand 1:[0 481717][3735144 4215605]
 Antisense
Strand 1:[0 480382][480441 480452][3733661 4215605]

591 Sense
Strand 1:[0 481717][482186 482467][482547 482656][3734333 4215605]
 Antisense
Strand 1:[0 480530][481015 481138][3732892 4215605]

592 Sense
Strand 1:[0 483293][483346 483450][483492 483517][3733584 4215605]
 Antisense
Strand 1:[0 481754][3732043 4215605]

593 Sense
Strand 1:[0 483752][483876 484114][3732753 4215605]
 Antisense
Strand 1:[0 482586][482722 482780][3731248 4215605]

594 Sense
Strand 1:[0 485011][3731985 4215605]
 Antisense
Strand 1:[0 483383][3730415 4215605]

595 Sense
Strand 1:[0 485288][485358 485659][485824 485884][3731175 4215605]
 Antisense
Strand 1:[0 483809][483950 484216][3729673 4215605]

596 Sense
Strand 1:[0 486501][3730371 4215605]
 Antisense
Strand 1:[0 484216][484664 484985][485013 485117][3728839 4215605]

597 Sense
Strand 1:[0 486861][487215 487380][3729574 4215605]
 Antisense
Strand 1:[0 485611][485705 485879][485917 485972][3728074 4215605]

598 Sense
Strand 1:[0 487756][487975 488157][3728736 4215605]
 Antisense
Strand 1:[0 486482][486831 486846][3727246 4215605]

599 Sense
Strand 1:[0 489017][489147 489148][3727964 4215605]
 Antisense
Strand 1:[0 487431][487515 487582][3726455 4215605]

600 Sense
Strand 1:[0 489281][489323 489820][3727138 4215605]
 Antisense
Strand 1:[0 488026][3725672 4215605]

